#
# There is insufficient memory for the Java Runtime Environment to continue.
# Native memory allocation (malloc) failed to allocate 776704 bytes. Error detail: Chunk::new
# Possible reasons:
#   The system is out of physical RAM or swap space
#   This process is running with CompressedOops enabled, and the Java Heap may be blocking the growth of the native heap
# Possible solutions:
#   Reduce memory load on the system
#   Increase physical memory or swap space
#   Check if swap backing store is full
#   Decrease Java heap size (-Xmx/-Xms)
#   Decrease number of Java threads
#   Decrease Java thread stack sizes (-Xss)
#   Set larger code cache with -XX:ReservedCodeCacheSize=
#   JVM is running with Unscaled Compressed Oops mode in which the Java heap is
#     placed in the first 4GB address space. The Java Heap base address is the
#     maximum limit for the native heap growth. Please use -XX:HeapBaseMinAddress
#     to set the Java Heap base and to place the Java Heap above 4GB virtual address.
# This output file may be truncated or incomplete.
#
#  Out of Memory Error (arena.cpp:191), pid=9968, tid=11536
#
# JRE version: OpenJDK Runtime Environment Temurin-17.0.11+9 (17.0.11+9) (build 17.0.11+9)
# Java VM: OpenJDK 64-Bit Server VM Temurin-17.0.11+9 (17.0.11+9, mixed mode, tiered, compressed oops, compressed class ptrs, parallel gc, windows-amd64)
# No core dump will be written. Minidumps are not enabled by default on client versions of Windows
#

---------------  S U M M A R Y ------------

Command Line: --add-modules=ALL-SYSTEM --add-opens=java.base/java.util=ALL-UNNAMED --add-opens=java.base/java.lang=ALL-UNNAMED --add-opens=java.base/sun.nio.fs=ALL-UNNAMED -Declipse.application=org.eclipse.jdt.ls.core.id1 -Dosgi.bundles.defaultStartLevel=4 -Declipse.product=org.eclipse.jdt.ls.core.product -Djava.import.generatesMetadataFilesAtProjectRoot=false -DDetectVMInstallationsJob.disabled=true -Dfile.encoding=utf8 -XX:+UseParallelGC -XX:GCTimeRatio=4 -XX:AdaptiveSizePolicyWeight=90 -Dsun.zip.disableMemoryMapping=true -Xmx1G -Xms100m -Xlog:disable -javaagent:c:\Users\TRETEC\.vscode\extensions\redhat.java-1.31.0-win32-x64\lombok\lombok-1.18.32.jar c:\Users\TRETEC\.vscode\extensions\redhat.java-1.31.0-win32-x64\server\plugins\org.eclipse.equinox.launcher_1.6.800.v20240513-1750.jar -configuration c:\Users\TRETEC\AppData\Roaming\Code\User\globalStorage\redhat.java\1.31.0\config_ss_win -data c:\Users\TRETEC\AppData\Roaming\Code\User\workspaceStorage\a01191937b3e42012dc9e0e6b416a03f\redhat.java\ss_ws --pipe=\\.\pipe\lsp-085a7a4da16804960b88919a555cd7b7-sock

Host: Intel(R) Core(TM) i5-8365U CPU @ 1.60GHz, 8 cores, 7G,  Windows 11 , 64 bit Build 22621 (10.0.22621.3527)
Time: Thu Jun  6 17:30:23 2024 Paris, Madrid elapsed time: 14.165746 seconds (0d 0h 0m 14s)

---------------  T H R E A D  ---------------

Current thread (0x00000250e87eb020):  JavaThread "C2 CompilerThread0" daemon [_thread_in_native, id=11536, stack(0x000000efbb800000,0x000000efbb900000)]


Current CompileTask:
C2:  14165 2807       4       jdk.internal.org.objectweb.asm.Frame::execute (2318 bytes)

Stack: [0x000000efbb800000,0x000000efbb900000]
Native frames: (J=compiled Java code, j=interpreted, Vv=VM code, C=native code)
V  [jvm.dll+0x67d429]
V  [jvm.dll+0x834b7a]
V  [jvm.dll+0x83663e]
V  [jvm.dll+0x836ca3]
V  [jvm.dll+0x247dbf]
V  [jvm.dll+0xac534]
V  [jvm.dll+0xacb7c]
V  [jvm.dll+0x366647]
V  [jvm.dll+0x1bd086]
V  [jvm.dll+0x21a5c9]
V  [jvm.dll+0x2198b1]
V  [jvm.dll+0x1a534d]
V  [jvm.dll+0x2295cd]
V  [jvm.dll+0x22779c]
V  [jvm.dll+0x7e9d07]
V  [jvm.dll+0x7e410a]
V  [jvm.dll+0x67c315]
C  [ucrtbase.dll+0x29333]
C  [KERNEL32.DLL+0x1257d]
C  [ntdll.dll+0x5aa48]


---------------  P R O C E S S  ---------------

Threads class SMR info:
_java_thread_list=0x00000250ea3be880, length=31, elements={
0x00000250cf861df0, 0x00000250e36cef30, 0x00000250e36d08f0, 0x00000250e36d9ef0,
0x00000250e36dac80, 0x00000250e36dd920, 0x00000250e36de1f0, 0x00000250e87eb020,
0x00000250e8849c10, 0x00000250e8866120, 0x00000250e88e5c60, 0x00000250e8ab4c10,
0x00000250e9eb2040, 0x00000250ea3d9860, 0x00000250e9ed6400, 0x00000250ea47b830,
0x00000250ea546040, 0x00000250ea5441e0, 0x00000250ea546550, 0x00000250ea544c00,
0x00000250ea545620, 0x00000250ea5446f0, 0x00000250ea547480, 0x00000250ea545110,
0x00000250ea543cd0, 0x00000250ea545b30, 0x00000250ea546a60, 0x00000250e9abf1a0,
0x00000250e9abaac0, 0x00000250e9abafd0, 0x00000250e9abc410
}

Java Threads: ( => current thread )
  0x00000250cf861df0 JavaThread "main" [_thread_in_native, id=23076, stack(0x000000efbaf00000,0x000000efbb000000)]
  0x00000250e36cef30 JavaThread "Reference Handler" daemon [_thread_blocked, id=9188, stack(0x000000efbb200000,0x000000efbb300000)]
  0x00000250e36d08f0 JavaThread "Finalizer" daemon [_thread_blocked, id=13340, stack(0x000000efbb300000,0x000000efbb400000)]
  0x00000250e36d9ef0 JavaThread "Signal Dispatcher" daemon [_thread_blocked, id=11368, stack(0x000000efbb400000,0x000000efbb500000)]
  0x00000250e36dac80 JavaThread "Attach Listener" daemon [_thread_blocked, id=304, stack(0x000000efbb500000,0x000000efbb600000)]
  0x00000250e36dd920 JavaThread "Service Thread" daemon [_thread_blocked, id=22524, stack(0x000000efbb600000,0x000000efbb700000)]
  0x00000250e36de1f0 JavaThread "Monitor Deflation Thread" daemon [_thread_blocked, id=23436, stack(0x000000efbb700000,0x000000efbb800000)]
=>0x00000250e87eb020 JavaThread "C2 CompilerThread0" daemon [_thread_in_native, id=11536, stack(0x000000efbb800000,0x000000efbb900000)]
  0x00000250e8849c10 JavaThread "C1 CompilerThread0" daemon [_thread_blocked, id=19364, stack(0x000000efbb900000,0x000000efbba00000)]
  0x00000250e8866120 JavaThread "Sweeper thread" daemon [_thread_blocked, id=11792, stack(0x000000efbba00000,0x000000efbbb00000)]
  0x00000250e88e5c60 JavaThread "Common-Cleaner" daemon [_thread_blocked, id=1572, stack(0x000000efbbb00000,0x000000efbbc00000)]
  0x00000250e8ab4c10 JavaThread "Notification Thread" daemon [_thread_blocked, id=14220, stack(0x000000efbbc00000,0x000000efbbd00000)]
  0x00000250e9eb2040 JavaThread "Active Thread: Equinox Container: 5f0cad47-7636-49d4-8d71-89a9807304dc" [_thread_blocked, id=12028, stack(0x000000efbc400000,0x000000efbc500000)]
  0x00000250ea3d9860 JavaThread "Framework Event Dispatcher: Equinox Container: 5f0cad47-7636-49d4-8d71-89a9807304dc" daemon [_thread_blocked, id=13144, stack(0x000000efbc500000,0x000000efbc600000)]
  0x00000250e9ed6400 JavaThread "Start Level: Equinox Container: 5f0cad47-7636-49d4-8d71-89a9807304dc" daemon [_thread_blocked, id=14000, stack(0x000000efbc600000,0x000000efbc700000)]
  0x00000250ea47b830 JavaThread "SCR Component Actor" daemon [_thread_blocked, id=10492, stack(0x000000efbc700000,0x000000efbc800000)]
  0x00000250ea546040 JavaThread "Worker-JM" [_thread_blocked, id=68, stack(0x000000efbca00000,0x000000efbcb00000)]
  0x00000250ea5441e0 JavaThread "Worker-0" [_thread_blocked, id=13136, stack(0x000000efbcb00000,0x000000efbcc00000)]
  0x00000250ea546550 JavaThread "Worker-1" [_thread_blocked, id=11744, stack(0x000000efbcc00000,0x000000efbcd00000)]
  0x00000250ea544c00 JavaThread "Worker-2" [_thread_blocked, id=10524, stack(0x000000efbcd00000,0x000000efbce00000)]
  0x00000250ea545620 JavaThread "JNA Cleaner" daemon [_thread_blocked, id=5164, stack(0x000000efbc900000,0x000000efbca00000)]
  0x00000250ea5446f0 JavaThread "Thread-2" daemon [_thread_in_native, id=18224, stack(0x000000efbd000000,0x000000efbd100000)]
  0x00000250ea547480 JavaThread "Thread-3" daemon [_thread_in_native, id=20860, stack(0x000000efbd100000,0x000000efbd200000)]
  0x00000250ea545110 JavaThread "Thread-4" daemon [_thread_in_native, id=11912, stack(0x000000efbd200000,0x000000efbd300000)]
  0x00000250ea543cd0 JavaThread "Thread-5" daemon [_thread_in_native, id=21492, stack(0x000000efbd300000,0x000000efbd400000)]
  0x00000250ea545b30 JavaThread "Thread-6" daemon [_thread_in_native, id=16020, stack(0x000000efbd400000,0x000000efbd500000)]
  0x00000250ea546a60 JavaThread "Thread-7" daemon [_thread_in_native, id=2412, stack(0x000000efbd500000,0x000000efbd600000)]
  0x00000250e9abf1a0 JavaThread "Thread-8" daemon [_thread_in_native, id=12608, stack(0x000000efbd600000,0x000000efbd700000)]
  0x00000250e9abaac0 JavaThread "Thread-9" daemon [_thread_in_native, id=8576, stack(0x000000efbd700000,0x000000efbd800000)]
  0x00000250e9abafd0 JavaThread "Thread-10" daemon [_thread_in_native, id=9704, stack(0x000000efbd800000,0x000000efbd900000)]
  0x00000250e9abc410 JavaThread "pool-2-thread-1" [_thread_blocked, id=2696, stack(0x000000efbd900000,0x000000efbda00000)]

Other Threads:
  0x00000250cf8fece0 VMThread "VM Thread" [stack: 0x000000efbb100000,0x000000efbb200000] [id=20688]
  0x00000250e8b2f790 WatcherThread [stack: 0x000000efbbd00000,0x000000efbbe00000] [id=8904]
  0x00000250cf877200 GCTaskThread "GC Thread#0" [stack: 0x000000efbb000000,0x000000efbb100000] [id=14744]
  0x00000250ea158a70 GCTaskThread "GC Thread#1" [stack: 0x000000efbbe00000,0x000000efbbf00000] [id=4924]
  0x00000250e9e90430 GCTaskThread "GC Thread#2" [stack: 0x000000efbbf00000,0x000000efbc000000] [id=17264]
  0x00000250e9e906f0 GCTaskThread "GC Thread#3" [stack: 0x000000efbc000000,0x000000efbc100000] [id=22132]
  0x00000250e9e909b0 GCTaskThread "GC Thread#4" [stack: 0x000000efbc100000,0x000000efbc200000] [id=17916]
  0x00000250e9e90c70 GCTaskThread "GC Thread#5" [stack: 0x000000efbc200000,0x000000efbc300000] [id=19368]
  0x00000250e9e90f30 GCTaskThread "GC Thread#6" [stack: 0x000000efbc300000,0x000000efbc400000] [id=18080]
  0x00000250e9ddeb40 GCTaskThread "GC Thread#7" [stack: 0x000000efbc800000,0x000000efbc900000] [id=16232]

Threads with active compile tasks:
C2 CompilerThread0    14224 2807       4       jdk.internal.org.objectweb.asm.Frame::execute (2318 bytes)

VM state: not at safepoint (normal execution)

VM Mutex/Monitor currently owned by a thread: None

Heap address: 0x00000000c0000000, size: 1024 MB, Compressed Oops mode: 32-bit

CDS archive(s) not mapped
Compressed class space mapped at: 0x0000000100000000-0x0000000140000000, reserved size: 1073741824
Narrow klass base: 0x0000000000000000, Narrow klass shift: 3, Narrow klass range: 0x140000000

GC Precious Log:
 CPUs: 8 total, 8 available
 Memory: 8002M
 Large Page Support: Disabled
 NUMA Support: Disabled
 Compressed Oops: Enabled (32-bit)
 Alignments: Space 512K, Generation 512K, Heap 2M
 Heap Min Capacity: 100M
 Heap Initial Capacity: 100M
 Heap Max Capacity: 1G
 Pre-touch: Disabled
 Parallel Workers: 8

Heap:
 PSYoungGen      total 26624K, used 22448K [0x00000000eab00000, 0x00000000eca80000, 0x0000000100000000)
  eden space 24064K, 82% used [0x00000000eab00000,0x00000000ebe6c6e8,0x00000000ec280000)
  from space 2560K, 99% used [0x00000000ec300000,0x00000000ec57fbc8,0x00000000ec580000)
  to   space 4096K, 0% used [0x00000000ec680000,0x00000000ec680000,0x00000000eca80000)
 ParOldGen       total 68608K, used 8154K [0x00000000c0000000, 0x00000000c4300000, 0x00000000eab00000)
  object space 68608K, 11% used [0x00000000c0000000,0x00000000c07f6918,0x00000000c4300000)
 Metaspace       used 33307K, committed 33920K, reserved 1114112K
  class space    used 3313K, committed 3584K, reserved 1048576K

Card table byte_map: [0x00000250cf1f0000,0x00000250cf400000] _byte_map_base: 0x00000250cebf0000

Marking Bits: (ParMarkBitMap*) 0x00007ff9fa06d820
 Begin Bits: [0x00000250e14e0000, 0x00000250e24e0000)
 End Bits:   [0x00000250e24e0000, 0x00000250e34e0000)

Polling page: 0x00000250cd700000

Metaspace:

Usage:
  Non-class:     29.29 MB used.
      Class:      3.24 MB used.
       Both:     32.53 MB used.

Virtual space:
  Non-class space:       64.00 MB reserved,      29.62 MB ( 46%) committed,  1 nodes.
      Class space:        1.00 GB reserved,       3.50 MB ( <1%) committed,  1 nodes.
             Both:        1.06 GB reserved,      33.12 MB (  3%) committed. 

Chunk freelists:
   Non-Class:  1.70 MB
       Class:  12.34 MB
        Both:  14.05 MB

MaxMetaspaceSize: unlimited
CompressedClassSpaceSize: 1.00 GB
Initial GC threshold: 21.00 MB
Current GC threshold: 35.00 MB
CDS: off
MetaspaceReclaimPolicy: balanced
 - commit_granule_bytes: 65536.
 - commit_granule_words: 8192.
 - virtual_space_node_default_size: 8388608.
 - enlarge_chunks_in_place: 1.
 - new_chunks_are_fully_committed: 0.
 - uncommit_free_chunks: 1.
 - use_allocation_guard: 0.
 - handle_deallocations: 1.


Internal statistics:

num_allocs_failed_limit: 3.
num_arena_births: 328.
num_arena_deaths: 14.
num_vsnodes_births: 2.
num_vsnodes_deaths: 0.
num_space_committed: 530.
num_space_uncommitted: 0.
num_chunks_returned_to_freelist: 17.
num_chunks_taken_from_freelist: 1272.
num_chunk_merges: 5.
num_chunk_splits: 846.
num_chunks_enlarged: 591.
num_inconsistent_stats: 0.

CodeHeap 'non-profiled nmethods': size=120000Kb used=1187Kb max_used=1187Kb free=118812Kb
 bounds [0x00000250d9fb0000, 0x00000250da220000, 0x00000250e14e0000]
CodeHeap 'profiled nmethods': size=120000Kb used=5715Kb max_used=5715Kb free=114284Kb
 bounds [0x00000250d24e0000, 0x00000250d2a80000, 0x00000250d9a10000]
CodeHeap 'non-nmethods': size=5760Kb used=1261Kb max_used=1286Kb free=4498Kb
 bounds [0x00000250d9a10000, 0x00000250d9c80000, 0x00000250d9fb0000]
 total_blobs=3448 nmethods=2870 adapters=492
 compilation: enabled
              stopped_count=0, restarted_count=0
 full_count=0

Compilation events (20 events):
Event: 14.109 Thread 0x00000250e8849c10 2870       1       java.lang.reflect.Method::getAnnotationBytes (5 bytes)
Event: 14.109 Thread 0x00000250e8849c10 nmethod 2870 0x00000250da0d7b10 code [0x00000250da0d7ca0, 0x00000250da0d7d78]
Event: 14.109 Thread 0x00000250e8849c10 2871       1       sun.reflect.generics.repository.AbstractRepository::getFactory (5 bytes)
Event: 14.110 Thread 0x00000250e8849c10 nmethod 2871 0x00000250da0d7e10 code [0x00000250da0d7fa0, 0x00000250da0d8078]
Event: 14.111 Thread 0x00000250e8849c10 2872       1       sun.reflect.generics.repository.AbstractRepository::getTree (5 bytes)
Event: 14.111 Thread 0x00000250e8849c10 nmethod 2872 0x00000250da0d8110 code [0x00000250da0d82a0, 0x00000250da0d8378]
Event: 14.112 Thread 0x00000250e8849c10 2873       1       sun.reflect.annotation.AnnotationType::memberTypes (5 bytes)
Event: 14.112 Thread 0x00000250e8849c10 nmethod 2873 0x00000250da0d8410 code [0x00000250da0d85a0, 0x00000250da0d8678]
Event: 14.112 Thread 0x00000250e8849c10 2875       3       sun.reflect.annotation.AnnotationType::getInstance (65 bytes)
Event: 14.113 Thread 0x00000250e8849c10 nmethod 2875 0x00000250d2a6f990 code [0x00000250d2a6fb80, 0x00000250d2a700f8]
Event: 14.113 Thread 0x00000250e8849c10 2874       1       sun.reflect.annotation.AnnotationType::memberDefaults (5 bytes)
Event: 14.113 Thread 0x00000250e8849c10 nmethod 2874 0x00000250da0d8710 code [0x00000250da0d88a0, 0x00000250da0d8978]
Event: 14.113 Thread 0x00000250e8849c10 2876       1       sun.reflect.annotation.AnnotationType::retention (5 bytes)
Event: 14.113 Thread 0x00000250e8849c10 nmethod 2876 0x00000250da0d8a10 code [0x00000250da0d8ba0, 0x00000250da0d8c78]
Event: 14.128 Thread 0x00000250e8849c10 2877       3       java.lang.reflect.Method::isSynthetic (5 bytes)
Event: 14.128 Thread 0x00000250e8849c10 nmethod 2877 0x00000250d2a70390 code [0x00000250d2a70540, 0x00000250d2a70778]
Event: 14.128 Thread 0x00000250e8849c10 2878       3       java.lang.reflect.Executable::isSynthetic (8 bytes)
Event: 14.129 Thread 0x00000250e8849c10 nmethod 2878 0x00000250d2a70890 code [0x00000250d2a70a40, 0x00000250d2a70cc8]
Event: 14.129 Thread 0x00000250e8849c10 2879       3       java.lang.reflect.Modifier::isSynthetic (14 bytes)
Event: 14.129 Thread 0x00000250e8849c10 nmethod 2879 0x00000250d2a70d90 code [0x00000250d2a70f20, 0x00000250d2a71078]

GC Heap History (16 events):
Event: 3.286 GC heap before
{Heap before GC invocations=1 (full 0):
 PSYoungGen      total 29696K, used 25600K [0x00000000eab00000, 0x00000000ecc00000, 0x0000000100000000)
  eden space 25600K, 100% used [0x00000000eab00000,0x00000000ec400000,0x00000000ec400000)
  from space 4096K, 0% used [0x00000000ec800000,0x00000000ec800000,0x00000000ecc00000)
  to   space 4096K, 0% used [0x00000000ec400000,0x00000000ec400000,0x00000000ec800000)
 ParOldGen       total 68608K, used 0K [0x00000000c0000000, 0x00000000c4300000, 0x00000000eab00000)
  object space 68608K, 0% used [0x00000000c0000000,0x00000000c0000000,0x00000000c4300000)
 Metaspace       used 11001K, committed 11200K, reserved 1114112K
  class space    used 1098K, committed 1216K, reserved 1048576K
}
Event: 3.310 GC heap after
{Heap after GC invocations=1 (full 0):
 PSYoungGen      total 29696K, used 3197K [0x00000000eab00000, 0x00000000ecc00000, 0x0000000100000000)
  eden space 25600K, 0% used [0x00000000eab00000,0x00000000eab00000,0x00000000ec400000)
  from space 4096K, 78% used [0x00000000ec400000,0x00000000ec71f6e0,0x00000000ec800000)
  to   space 4096K, 0% used [0x00000000ec800000,0x00000000ec800000,0x00000000ecc00000)
 ParOldGen       total 68608K, used 16K [0x00000000c0000000, 0x00000000c4300000, 0x00000000eab00000)
  object space 68608K, 0% used [0x00000000c0000000,0x00000000c0004000,0x00000000c4300000)
 Metaspace       used 11001K, committed 11200K, reserved 1114112K
  class space    used 1098K, committed 1216K, reserved 1048576K
}
Event: 5.376 GC heap before
{Heap before GC invocations=2 (full 0):
 PSYoungGen      total 29696K, used 28797K [0x00000000eab00000, 0x00000000ecc00000, 0x0000000100000000)
  eden space 25600K, 100% used [0x00000000eab00000,0x00000000ec400000,0x00000000ec400000)
  from space 4096K, 78% used [0x00000000ec400000,0x00000000ec71f6e0,0x00000000ec800000)
  to   space 4096K, 0% used [0x00000000ec800000,0x00000000ec800000,0x00000000ecc00000)
 ParOldGen       total 68608K, used 16K [0x00000000c0000000, 0x00000000c4300000, 0x00000000eab00000)
  object space 68608K, 0% used [0x00000000c0000000,0x00000000c0004000,0x00000000c4300000)
 Metaspace       used 14688K, committed 14912K, reserved 1114112K
  class space    used 1486K, committed 1600K, reserved 1048576K
}
Event: 5.387 GC heap after
{Heap after GC invocations=2 (full 0):
 PSYoungGen      total 29696K, used 4089K [0x00000000eab00000, 0x00000000ecc00000, 0x0000000100000000)
  eden space 25600K, 0% used [0x00000000eab00000,0x00000000eab00000,0x00000000ec400000)
  from space 4096K, 99% used [0x00000000ec800000,0x00000000ecbfe768,0x00000000ecc00000)
  to   space 4096K, 0% used [0x00000000ec400000,0x00000000ec400000,0x00000000ec800000)
 ParOldGen       total 68608K, used 728K [0x00000000c0000000, 0x00000000c4300000, 0x00000000eab00000)
  object space 68608K, 1% used [0x00000000c0000000,0x00000000c00b6340,0x00000000c4300000)
 Metaspace       used 14688K, committed 14912K, reserved 1114112K
  class space    used 1486K, committed 1600K, reserved 1048576K
}
Event: 6.909 GC heap before
{Heap before GC invocations=3 (full 0):
 PSYoungGen      total 29696K, used 29689K [0x00000000eab00000, 0x00000000ecc00000, 0x0000000100000000)
  eden space 25600K, 100% used [0x00000000eab00000,0x00000000ec400000,0x00000000ec400000)
  from space 4096K, 99% used [0x00000000ec800000,0x00000000ecbfe768,0x00000000ecc00000)
  to   space 4096K, 0% used [0x00000000ec400000,0x00000000ec400000,0x00000000ec800000)
 ParOldGen       total 68608K, used 728K [0x00000000c0000000, 0x00000000c4300000, 0x00000000eab00000)
  object space 68608K, 1% used [0x00000000c0000000,0x00000000c00b6340,0x00000000c4300000)
 Metaspace       used 19758K, committed 20160K, reserved 1114112K
  class space    used 2019K, committed 2176K, reserved 1048576K
}
Event: 6.916 GC heap after
{Heap after GC invocations=3 (full 0):
 PSYoungGen      total 29696K, used 4074K [0x00000000eab00000, 0x00000000ecc00000, 0x0000000100000000)
  eden space 25600K, 0% used [0x00000000eab00000,0x00000000eab00000,0x00000000ec400000)
  from space 4096K, 99% used [0x00000000ec400000,0x00000000ec7faad0,0x00000000ec800000)
  to   space 4096K, 0% used [0x00000000ec800000,0x00000000ec800000,0x00000000ecc00000)
 ParOldGen       total 68608K, used 2216K [0x00000000c0000000, 0x00000000c4300000, 0x00000000eab00000)
  object space 68608K, 3% used [0x00000000c0000000,0x00000000c022a3d0,0x00000000c4300000)
 Metaspace       used 19758K, committed 20160K, reserved 1114112K
  class space    used 2019K, committed 2176K, reserved 1048576K
}
Event: 7.660 GC heap before
{Heap before GC invocations=4 (full 0):
 PSYoungGen      total 29696K, used 10961K [0x00000000eab00000, 0x00000000ecc00000, 0x0000000100000000)
  eden space 25600K, 26% used [0x00000000eab00000,0x00000000eb1b9ab8,0x00000000ec400000)
  from space 4096K, 99% used [0x00000000ec400000,0x00000000ec7faad0,0x00000000ec800000)
  to   space 4096K, 0% used [0x00000000ec800000,0x00000000ec800000,0x00000000ecc00000)
 ParOldGen       total 68608K, used 2216K [0x00000000c0000000, 0x00000000c4300000, 0x00000000eab00000)
  object space 68608K, 3% used [0x00000000c0000000,0x00000000c022a3d0,0x00000000c4300000)
 Metaspace       used 21013K, committed 21504K, reserved 1114112K
  class space    used 2145K, committed 2368K, reserved 1048576K
}
Event: 7.666 GC heap after
{Heap after GC invocations=4 (full 0):
 PSYoungGen      total 29696K, used 4083K [0x00000000eab00000, 0x00000000ecc00000, 0x0000000100000000)
  eden space 25600K, 0% used [0x00000000eab00000,0x00000000eab00000,0x00000000ec400000)
  from space 4096K, 99% used [0x00000000ec800000,0x00000000ecbfcf28,0x00000000ecc00000)
  to   space 4096K, 0% used [0x00000000ec400000,0x00000000ec400000,0x00000000ec800000)
 ParOldGen       total 68608K, used 2569K [0x00000000c0000000, 0x00000000c4300000, 0x00000000eab00000)
  object space 68608K, 3% used [0x00000000c0000000,0x00000000c0282400,0x00000000c4300000)
 Metaspace       used 21013K, committed 21504K, reserved 1114112K
  class space    used 2145K, committed 2368K, reserved 1048576K
}
Event: 7.666 GC heap before
{Heap before GC invocations=5 (full 1):
 PSYoungGen      total 29696K, used 4083K [0x00000000eab00000, 0x00000000ecc00000, 0x0000000100000000)
  eden space 25600K, 0% used [0x00000000eab00000,0x00000000eab00000,0x00000000ec400000)
  from space 4096K, 99% used [0x00000000ec800000,0x00000000ecbfcf28,0x00000000ecc00000)
  to   space 4096K, 0% used [0x00000000ec400000,0x00000000ec400000,0x00000000ec800000)
 ParOldGen       total 68608K, used 2569K [0x00000000c0000000, 0x00000000c4300000, 0x00000000eab00000)
  object space 68608K, 3% used [0x00000000c0000000,0x00000000c0282400,0x00000000c4300000)
 Metaspace       used 21013K, committed 21504K, reserved 1114112K
  class space    used 2145K, committed 2368K, reserved 1048576K
}
Event: 7.709 GC heap after
{Heap after GC invocations=5 (full 1):
 PSYoungGen      total 29696K, used 0K [0x00000000eab00000, 0x00000000ecc00000, 0x0000000100000000)
  eden space 25600K, 0% used [0x00000000eab00000,0x00000000eab00000,0x00000000ec400000)
  from space 4096K, 0% used [0x00000000ec800000,0x00000000ec800000,0x00000000ecc00000)
  to   space 4096K, 0% used [0x00000000ec400000,0x00000000ec400000,0x00000000ec800000)
 ParOldGen       total 68608K, used 6519K [0x00000000c0000000, 0x00000000c4300000, 0x00000000eab00000)
  object space 68608K, 9% used [0x00000000c0000000,0x00000000c065def8,0x00000000c4300000)
 Metaspace       used 21000K, committed 21504K, reserved 1114112K
  class space    used 2141K, committed 2368K, reserved 1048576K
}
Event: 8.546 GC heap before
{Heap before GC invocations=6 (full 1):
 PSYoungGen      total 29696K, used 25555K [0x00000000eab00000, 0x00000000ecc00000, 0x0000000100000000)
  eden space 25600K, 99% used [0x00000000eab00000,0x00000000ec3f4e68,0x00000000ec400000)
  from space 4096K, 0% used [0x00000000ec800000,0x00000000ec800000,0x00000000ecc00000)
  to   space 4096K, 0% used [0x00000000ec400000,0x00000000ec400000,0x00000000ec800000)
 ParOldGen       total 68608K, used 6519K [0x00000000c0000000, 0x00000000c4300000, 0x00000000eab00000)
  object space 68608K, 9% used [0x00000000c0000000,0x00000000c065def8,0x00000000c4300000)
 Metaspace       used 23920K, committed 24320K, reserved 1114112K
  class space    used 2369K, committed 2560K, reserved 1048576K
}
Event: 8.549 GC heap after
{Heap after GC invocations=6 (full 1):
 PSYoungGen      total 26112K, used 908K [0x00000000eab00000, 0x00000000ec880000, 0x0000000100000000)
  eden space 25088K, 0% used [0x00000000eab00000,0x00000000eab00000,0x00000000ec380000)
  from space 1024K, 88% used [0x00000000ec400000,0x00000000ec4e30c8,0x00000000ec500000)
  to   space 2560K, 0% used [0x00000000ec600000,0x00000000ec600000,0x00000000ec880000)
 ParOldGen       total 68608K, used 6527K [0x00000000c0000000, 0x00000000c4300000, 0x00000000eab00000)
  object space 68608K, 9% used [0x00000000c0000000,0x00000000c065fef8,0x00000000c4300000)
 Metaspace       used 23920K, committed 24320K, reserved 1114112K
  class space    used 2369K, committed 2560K, reserved 1048576K
}
Event: 9.212 GC heap before
{Heap before GC invocations=7 (full 1):
 PSYoungGen      total 26112K, used 25996K [0x00000000eab00000, 0x00000000ec880000, 0x0000000100000000)
  eden space 25088K, 100% used [0x00000000eab00000,0x00000000ec380000,0x00000000ec380000)
  from space 1024K, 88% used [0x00000000ec400000,0x00000000ec4e30c8,0x00000000ec500000)
  to   space 2560K, 0% used [0x00000000ec600000,0x00000000ec600000,0x00000000ec880000)
 ParOldGen       total 68608K, used 6527K [0x00000000c0000000, 0x00000000c4300000, 0x00000000eab00000)
  object space 68608K, 9% used [0x00000000c0000000,0x00000000c065fef8,0x00000000c4300000)
 Metaspace       used 27091K, committed 27584K, reserved 1114112K
  class space    used 2609K, committed 2816K, reserved 1048576K
}
Event: 9.215 GC heap after
{Heap after GC invocations=7 (full 1):
 PSYoungGen      total 26624K, used 1888K [0x00000000eab00000, 0x00000000ec800000, 0x0000000100000000)
  eden space 24576K, 0% used [0x00000000eab00000,0x00000000eab00000,0x00000000ec300000)
  from space 2048K, 92% used [0x00000000ec600000,0x00000000ec7d8000,0x00000000ec800000)
  to   space 2560K, 0% used [0x00000000ec300000,0x00000000ec300000,0x00000000ec580000)
 ParOldGen       total 68608K, used 7317K [0x00000000c0000000, 0x00000000c4300000, 0x00000000eab00000)
  object space 68608K, 10% used [0x00000000c0000000,0x00000000c0725408,0x00000000c4300000)
 Metaspace       used 27091K, committed 27584K, reserved 1114112K
  class space    used 2609K, committed 2816K, reserved 1048576K
}
Event: 11.774 GC heap before
{Heap before GC invocations=8 (full 1):
 PSYoungGen      total 26624K, used 26464K [0x00000000eab00000, 0x00000000ec800000, 0x0000000100000000)
  eden space 24576K, 100% used [0x00000000eab00000,0x00000000ec300000,0x00000000ec300000)
  from space 2048K, 92% used [0x00000000ec600000,0x00000000ec7d8000,0x00000000ec800000)
  to   space 2560K, 0% used [0x00000000ec300000,0x00000000ec300000,0x00000000ec580000)
 ParOldGen       total 68608K, used 7317K [0x00000000c0000000, 0x00000000c4300000, 0x00000000eab00000)
  object space 68608K, 10% used [0x00000000c0000000,0x00000000c0725408,0x00000000c4300000)
 Metaspace       used 30316K, committed 30848K, reserved 1114112K
  class space    used 2935K, committed 3136K, reserved 1048576K
}
Event: 11.779 GC heap after
{Heap after GC invocations=8 (full 1):
 PSYoungGen      total 26624K, used 2558K [0x00000000eab00000, 0x00000000eca80000, 0x0000000100000000)
  eden space 24064K, 0% used [0x00000000eab00000,0x00000000eab00000,0x00000000ec280000)
  from space 2560K, 99% used [0x00000000ec300000,0x00000000ec57fbc8,0x00000000ec580000)
  to   space 4096K, 0% used [0x00000000ec680000,0x00000000ec680000,0x00000000eca80000)
 ParOldGen       total 68608K, used 8154K [0x00000000c0000000, 0x00000000c4300000, 0x00000000eab00000)
  object space 68608K, 11% used [0x00000000c0000000,0x00000000c07f6918,0x00000000c4300000)
 Metaspace       used 30316K, committed 30848K, reserved 1114112K
  class space    used 2935K, committed 3136K, reserved 1048576K
}

Dll operation events (10 events):
Event: 0.188 Loaded shared library c:\Users\TRETEC\.vscode\extensions\redhat.java-1.31.0-win32-x64\jre\17.0.11-win32-x86_64\bin\java.dll
Event: 1.028 Loaded shared library c:\Users\TRETEC\.vscode\extensions\redhat.java-1.31.0-win32-x64\jre\17.0.11-win32-x86_64\bin\zip.dll
Event: 1.038 Loaded shared library C:\Users\TRETEC\.vscode\extensions\redhat.java-1.31.0-win32-x64\jre\17.0.11-win32-x86_64\bin\instrument.dll
Event: 1.086 Loaded shared library C:\Users\TRETEC\.vscode\extensions\redhat.java-1.31.0-win32-x64\jre\17.0.11-win32-x86_64\bin\net.dll
Event: 1.101 Loaded shared library C:\Users\TRETEC\.vscode\extensions\redhat.java-1.31.0-win32-x64\jre\17.0.11-win32-x86_64\bin\nio.dll
Event: 1.130 Loaded shared library C:\Users\TRETEC\.vscode\extensions\redhat.java-1.31.0-win32-x64\jre\17.0.11-win32-x86_64\bin\zip.dll
Event: 1.212 Loaded shared library C:\Users\TRETEC\.vscode\extensions\redhat.java-1.31.0-win32-x64\jre\17.0.11-win32-x86_64\bin\jimage.dll
Event: 1.419 Loaded shared library c:\Users\TRETEC\.vscode\extensions\redhat.java-1.31.0-win32-x64\jre\17.0.11-win32-x86_64\bin\verify.dll
Event: 4.955 Loaded shared library C:\Users\TRETEC\AppData\Roaming\Code\User\globalStorage\redhat.java\1.31.0\config_ss_win\org.eclipse.equinox.launcher\org.eclipse.equinox.launcher.win32.win32.x86_64_1.2.1000.v20240507-1834\eclipse_11902.dll
Event: 13.415 Loaded shared library C:\Users\TRETEC\AppData\Local\Temp\jna--1812251381\jna17436210808859936703.dll

Deoptimization events (20 events):
Event: 11.594 Thread 0x00000250e9ed6400 Uncommon trap: trap_request=0xffffff76 fr.pc=0x00000250da07749c relative=0x0000000000000e9c
Event: 11.594 Thread 0x00000250e9ed6400 Uncommon trap: reason=predicate action=maybe_recompile pc=0x00000250da07749c method=java.util.Properties$LineReader.readLine()I @ 53 c2
Event: 11.594 Thread 0x00000250e9ed6400 DEOPT PACKING pc=0x00000250da07749c sp=0x000000efbc6fd210
Event: 11.594 Thread 0x00000250e9ed6400 DEOPT UNPACKING pc=0x00000250d9a666a3 sp=0x000000efbc6fd1c8 mode 2
Event: 12.748 Thread 0x00000250e9ed6400 Uncommon trap: trap_request=0xffffff45 fr.pc=0x00000250d9ff3ef0 relative=0x00000000000006f0
Event: 12.748 Thread 0x00000250e9ed6400 Uncommon trap: reason=unstable_if action=reinterpret pc=0x00000250d9ff3ef0 method=java.lang.String.replace(Ljava/lang/CharSequence;Ljava/lang/CharSequence;)Ljava/lang/String; @ 42 c2
Event: 12.748 Thread 0x00000250e9ed6400 DEOPT PACKING pc=0x00000250d9ff3ef0 sp=0x000000efbc6fb790
Event: 12.748 Thread 0x00000250e9ed6400 DEOPT UNPACKING pc=0x00000250d9a666a3 sp=0x000000efbc6fb720 mode 2
Event: 13.474 Thread 0x00000250e9ed6400 Uncommon trap: trap_request=0xffffff45 fr.pc=0x00000250da073350 relative=0x0000000000000af0
Event: 13.474 Thread 0x00000250e9ed6400 Uncommon trap: reason=unstable_if action=reinterpret pc=0x00000250da073350 method=jdk.internal.org.objectweb.asm.SymbolTable.put(Ljdk/internal/org/objectweb/asm/SymbolTable$Entry;)Ljdk/internal/org/objectweb/asm/SymbolTable$Entry; @ 13 c2
Event: 13.474 Thread 0x00000250e9ed6400 DEOPT PACKING pc=0x00000250da073350 sp=0x000000efbc6fbc60
Event: 13.474 Thread 0x00000250e9ed6400 DEOPT UNPACKING pc=0x00000250d9a666a3 sp=0x000000efbc6fbba8 mode 2
Event: 13.521 Thread 0x00000250e9ed6400 Uncommon trap: trap_request=0xffffff76 fr.pc=0x00000250da0c4668 relative=0x00000000000005a8
Event: 13.521 Thread 0x00000250e9ed6400 Uncommon trap: reason=predicate action=maybe_recompile pc=0x00000250da0c4668 method=java.util.TreeMap.getEntryUsingComparator(Ljava/lang/Object;)Ljava/util/TreeMap$Entry; @ 19 c2
Event: 13.521 Thread 0x00000250e9ed6400 DEOPT PACKING pc=0x00000250da0c4668 sp=0x000000efbc6fc840
Event: 13.521 Thread 0x00000250e9ed6400 DEOPT UNPACKING pc=0x00000250d9a666a3 sp=0x000000efbc6fc760 mode 2
Event: 13.620 Thread 0x00000250cf861df0 Uncommon trap: trap_request=0xffffff76 fr.pc=0x00000250da0c0480 relative=0x00000000000005c0
Event: 13.620 Thread 0x00000250cf861df0 Uncommon trap: reason=predicate action=maybe_recompile pc=0x00000250da0c0480 method=java.util.TreeMap.getEntryUsingComparator(Ljava/lang/Object;)Ljava/util/TreeMap$Entry; @ 19 c2
Event: 13.620 Thread 0x00000250cf861df0 DEOPT PACKING pc=0x00000250da0c0480 sp=0x000000efbaffde60
Event: 13.620 Thread 0x00000250cf861df0 DEOPT UNPACKING pc=0x00000250d9a666a3 sp=0x000000efbaffde10 mode 2

Classes unloaded (7 events):
Event: 7.674 Thread 0x00000250cf8fece0 Unloading class 0x000000010021c400 'java/lang/invoke/LambdaForm$MH+0x000000010021c400'
Event: 7.674 Thread 0x00000250cf8fece0 Unloading class 0x000000010021c000 'java/lang/invoke/LambdaForm$MH+0x000000010021c000'
Event: 7.674 Thread 0x00000250cf8fece0 Unloading class 0x000000010021bc00 'java/lang/invoke/LambdaForm$MH+0x000000010021bc00'
Event: 7.674 Thread 0x00000250cf8fece0 Unloading class 0x000000010021b800 'java/lang/invoke/LambdaForm$MH+0x000000010021b800'
Event: 7.674 Thread 0x00000250cf8fece0 Unloading class 0x000000010021b400 'java/lang/invoke/LambdaForm$BMH+0x000000010021b400'
Event: 7.674 Thread 0x00000250cf8fece0 Unloading class 0x000000010021b000 'java/lang/invoke/LambdaForm$DMH+0x000000010021b000'
Event: 7.674 Thread 0x00000250cf8fece0 Unloading class 0x0000000100218400 'java/lang/invoke/LambdaForm$DMH+0x0000000100218400'

Classes redefined (0 events):
No events

Internal exceptions (20 events):
Event: 7.841 Thread 0x00000250e9ed6400 Exception <a 'java/lang/NoSuchMethodError'{0x00000000eacd9100}: 'java.lang.Object java.lang.invoke.DirectMethodHandle$Holder.invokeSpecial(java.lang.Object, java.lang.Object, java.lang.Object, java.lang.Object, int, java.lang.Object)'> (0x00000000eacd9100) 
thrown [s\src\hotspot\share\interpreter\linkResolver.cpp, line 759]
Event: 7.842 Thread 0x00000250ea5441e0 Exception <a 'java/lang/NoSuchMethodError'{0x00000000ead140e0}: 'java.lang.Object java.lang.invoke.DirectMethodHandle$Holder.invokeSpecial(java.lang.Object, java.lang.Object, int, java.lang.Object, java.lang.Object)'> (0x00000000ead140e0) 
thrown [s\src\hotspot\share\interpreter\linkResolver.cpp, line 759]
Event: 7.844 Thread 0x00000250ea5441e0 Exception <a 'java/lang/NoSuchMethodError'{0x00000000ead1b7b0}: 'java.lang.Object java.lang.invoke.DirectMethodHandle$Holder.newInvokeSpecial(java.lang.Object, java.lang.Object, int, java.lang.Object)'> (0x00000000ead1b7b0) 
thrown [s\src\hotspot\share\interpreter\linkResolver.cpp, line 759]
Event: 7.845 Thread 0x00000250ea5441e0 Exception <a 'java/lang/NoSuchMethodError'{0x00000000ead1f2c0}: 'java.lang.Object java.lang.invoke.DirectMethodHandle$Holder.invokeSpecial(java.lang.Object, java.lang.Object, java.lang.Object, int, java.lang.Object)'> (0x00000000ead1f2c0) 
thrown [s\src\hotspot\share\interpreter\linkResolver.cpp, line 759]
Event: 9.691 Thread 0x00000250e9ed6400 Exception <a 'java/lang/ClassNotFoundException'{0x00000000eb69b1a8}: com/sun/org/apache/xerces/internal/impl/msg/spi/DOMMessagesProvider> (0x00000000eb69b1a8) 
thrown [s\src\hotspot\share\classfile\systemDictionary.cpp, line 256]
Event: 9.699 Thread 0x00000250e9ed6400 Exception <a 'java/lang/ClassNotFoundException'{0x00000000eb6d5f88}: com/sun/org/apache/xerces/internal/impl/msg/spi/XMLSerializerMessagesProvider> (0x00000000eb6d5f88) 
thrown [s\src\hotspot\share\classfile\systemDictionary.cpp, line 256]
Event: 9.702 Thread 0x00000250e9ed6400 Exception <a 'java/lang/ClassNotFoundException'{0x00000000eb6ee580}: com/sun/org/apache/xerces/internal/impl/msg/spi/XMLMessagesProvider> (0x00000000eb6ee580) 
thrown [s\src\hotspot\share\classfile\systemDictionary.cpp, line 256]
Event: 9.796 Thread 0x00000250e9ed6400 Exception <a 'java/lang/NoSuchMethodError'{0x00000000eb941490}: 'java.lang.Object java.lang.invoke.DirectMethodHandle$Holder.newInvokeSpecial(java.lang.Object, int, java.lang.Object, java.lang.Object)'> (0x00000000eb941490) 
thrown [s\src\hotspot\share\interpreter\linkResolver.cpp, line 759]
Event: 10.918 Thread 0x00000250e9ed6400 Exception <a 'java/lang/NoSuchMethodError'{0x00000000ebc1f1c0}: 'java.lang.Object java.lang.invoke.DirectMethodHandle$Holder.invokeStaticInit(java.lang.Object, int, int, int, int)'> (0x00000000ebc1f1c0) 
thrown [s\src\hotspot\share\interpreter\linkResolver.cpp, line 759]
Event: 11.355 Thread 0x00000250e9ed6400 Exception <a 'java/lang/NoSuchMethodError'{0x00000000ebce6f90}: 'java.lang.Object java.lang.invoke.DirectMethodHandle$Holder.invokeStaticInit(java.lang.Object, java.lang.Object, int, int, int, int)'> (0x00000000ebce6f90) 
thrown [s\src\hotspot\share\interpreter\linkResolver.cpp, line 759]
Event: 11.594 Thread 0x00000250e9ed6400 Implicit null exception at 0x00000250da07670d to 0x00000250da077454
Event: 11.690 Thread 0x00000250e9ed6400 Exception <a 'java/lang/ClassNotFoundException'{0x00000000ec182800}: com/sun/org/apache/xml/internal/serializer/spi/XMLEntitiesProvider> (0x00000000ec182800) 
thrown [s\src\hotspot\share\classfile\systemDictionary.cpp, line 256]
Event: 11.909 Thread 0x00000250e9ed6400 Exception <a 'java/io/FileNotFoundException'{0x00000000ead0c600}> (0x00000000ead0c600) 
thrown [s\src\hotspot\share\prims\jni.cpp, line 516]
Event: 13.487 Thread 0x00000250e9ed6400 Exception <a 'java/lang/UnsatisfiedLinkError'{0x00000000eb0b0530}: La procédure spécifiée est introuvable.
> (0x00000000eb0b0530) 
thrown [s\src\hotspot\share\prims\jni.cpp, line 535]
Event: 13.517 Thread 0x00000250e9ed6400 Exception <a 'java/io/FileNotFoundException'{0x00000000eb0d6700}> (0x00000000eb0d6700) 
thrown [s\src\hotspot\share\prims\jni.cpp, line 516]
Event: 13.568 Thread 0x00000250e9ed6400 Exception <a 'java/lang/UnsatisfiedLinkError'{0x00000000eb1faa28}: La procédure spécifiée est introuvable.
> (0x00000000eb1faa28) 
thrown [s\src\hotspot\share\prims\jni.cpp, line 535]
Event: 13.657 Thread 0x00000250cf861df0 Exception <a 'java/lang/NoSuchMethodError'{0x00000000eb401e70}: 'java.lang.Object java.lang.invoke.DirectMethodHandle$Holder.invokeStatic(java.lang.Object, java.lang.Object, long, java.lang.Object)'> (0x00000000eb401e70) 
thrown [s\src\hotspot\share\interpreter\linkResolver.cpp, line 759]
Event: 13.658 Thread 0x00000250cf861df0 Exception <a 'java/lang/NoSuchMethodError'{0x00000000eb405908}: 'java.lang.Object java.lang.invoke.DirectMethodHandle$Holder.invokeStaticInit(java.lang.Object, java.lang.Object, long, java.lang.Object)'> (0x00000000eb405908) 
thrown [s\src\hotspot\share\interpreter\linkResolver.cpp, line 759]
Event: 13.659 Thread 0x00000250cf861df0 Exception <a 'java/lang/NoSuchMethodError'{0x00000000eb40bf18}: 'java.lang.Object java.lang.invoke.DirectMethodHandle$Holder.newInvokeSpecial(java.lang.Object, java.lang.Object, long)'> (0x00000000eb40bf18) 
thrown [s\src\hotspot\share\interpreter\linkResolver.cpp, line 759]
Event: 13.837 Thread 0x00000250cf861df0 Exception <a 'java/lang/NoSuchMethodError'{0x00000000eb715688}: 'void java.lang.invoke.DirectMethodHandle$Holder.invokeStatic(java.lang.Object, java.lang.Object, java.lang.Object, java.lang.Object)'> (0x00000000eb715688) 
thrown [s\src\hotspot\share\interpreter\linkResolver.cpp, line 759]

VM Operations (20 events):
Event: 9.212 Executing VM operation: ParallelGCFailedAllocation
Event: 9.215 Executing VM operation: ParallelGCFailedAllocation done
Event: 9.598 Executing VM operation: HandshakeAllThreads
Event: 9.598 Executing VM operation: HandshakeAllThreads done
Event: 9.885 Executing VM operation: HandshakeAllThreads
Event: 9.900 Executing VM operation: HandshakeAllThreads done
Event: 9.907 Executing VM operation: HandshakeAllThreads
Event: 10.024 Executing VM operation: HandshakeAllThreads done
Event: 11.024 Executing VM operation: Cleanup
Event: 11.024 Executing VM operation: Cleanup done
Event: 11.443 Executing VM operation: HandshakeAllThreads
Event: 11.443 Executing VM operation: HandshakeAllThreads done
Event: 11.768 Executing VM operation: HandshakeAllThreads
Event: 11.768 Executing VM operation: HandshakeAllThreads done
Event: 11.774 Executing VM operation: ParallelGCFailedAllocation
Event: 11.780 Executing VM operation: ParallelGCFailedAllocation done
Event: 13.449 Executing VM operation: HandshakeAllThreads
Event: 13.450 Executing VM operation: HandshakeAllThreads done
Event: 13.450 Executing VM operation: Cleanup
Event: 13.450 Executing VM operation: Cleanup done

Events (20 events):
Event: 13.808 loading class sun/reflect/generics/tree/ClassSignature
Event: 13.809 loading class sun/reflect/generics/tree/ClassSignature done
Event: 13.809 loading class sun/reflect/generics/tree/TypeVariableSignature
Event: 13.809 loading class sun/reflect/generics/tree/TypeVariableSignature done
Event: 13.809 loading class sun/reflect/generics/reflectiveObjects/TypeVariableImpl
Event: 13.809 loading class sun/reflect/generics/reflectiveObjects/LazyReflectiveObjectGenerator
Event: 13.810 loading class sun/reflect/generics/reflectiveObjects/LazyReflectiveObjectGenerator done
Event: 13.810 loading class sun/reflect/generics/reflectiveObjects/TypeVariableImpl done
Event: 13.839 loading class java/lang/Deprecated
Event: 13.840 loading class java/lang/Deprecated done
Event: 13.843 loading class jdk/internal/vm/annotation/IntrinsicCandidate
Event: 13.843 loading class jdk/internal/vm/annotation/IntrinsicCandidate done
Event: 13.954 loading class sun/reflect/generics/tree/BottomSignature
Event: 13.957 loading class sun/reflect/generics/tree/BottomSignature done
Event: 13.957 loading class sun/reflect/generics/tree/Wildcard
Event: 13.957 loading class sun/reflect/generics/tree/Wildcard done
Event: 13.959 loading class sun/reflect/generics/reflectiveObjects/WildcardTypeImpl
Event: 13.959 loading class java/lang/reflect/WildcardType
Event: 13.959 loading class java/lang/reflect/WildcardType done
Event: 13.959 loading class sun/reflect/generics/reflectiveObjects/WildcardTypeImpl done


Dynamic libraries:
0x00007ff7b87b0000 - 0x00007ff7b87be000 	c:\Users\TRETEC\.vscode\extensions\redhat.java-1.31.0-win32-x64\jre\17.0.11-win32-x86_64\bin\java.exe
0x00007ffa82ff0000 - 0x00007ffa83207000 	C:\WINDOWS\SYSTEM32\ntdll.dll
0x00007ffa80e60000 - 0x00007ffa80f24000 	C:\WINDOWS\System32\KERNEL32.DLL
0x00007ffa804e0000 - 0x00007ffa80887000 	C:\WINDOWS\System32\KERNELBASE.dll
0x00007ffa7d2c0000 - 0x00007ffa7d357000 	C:\WINDOWS\SYSTEM32\apphelp.dll
0x00007ffa808c0000 - 0x00007ffa809d1000 	C:\WINDOWS\System32\ucrtbase.dll
0x00007ffa67640000 - 0x00007ffa67657000 	c:\Users\TRETEC\.vscode\extensions\redhat.java-1.31.0-win32-x64\jre\17.0.11-win32-x86_64\bin\jli.dll
0x00007ffa81cd0000 - 0x00007ffa81e7e000 	C:\WINDOWS\System32\USER32.dll
0x00007ffa67110000 - 0x00007ffa6712b000 	c:\Users\TRETEC\.vscode\extensions\redhat.java-1.31.0-win32-x64\jre\17.0.11-win32-x86_64\bin\VCRUNTIME140.dll
0x00007ffa80380000 - 0x00007ffa803a6000 	C:\WINDOWS\System32\win32u.dll
0x00007ffa813b0000 - 0x00007ffa813d9000 	C:\WINDOWS\System32\GDI32.dll
0x00007ffa666e0000 - 0x00007ffa66973000 	C:\WINDOWS\WinSxS\amd64_microsoft.windows.common-controls_6595b64144ccf1df_6.0.22621.3527_none_270e469b73872a76\COMCTL32.dll
0x00007ffa80bd0000 - 0x00007ffa80ce9000 	C:\WINDOWS\System32\gdi32full.dll
0x00007ffa81e80000 - 0x00007ffa81f27000 	C:\WINDOWS\System32\msvcrt.dll
0x00007ffa802e0000 - 0x00007ffa8037a000 	C:\WINDOWS\System32\msvcp_win.dll
0x00007ffa82050000 - 0x00007ffa82081000 	C:\WINDOWS\System32\IMM32.DLL
0x00007ffa67a60000 - 0x00007ffa67a6c000 	c:\Users\TRETEC\.vscode\extensions\redhat.java-1.31.0-win32-x64\jre\17.0.11-win32-x86_64\bin\vcruntime140_1.dll
0x00007ffa3b950000 - 0x00007ffa3b9dd000 	c:\Users\TRETEC\.vscode\extensions\redhat.java-1.31.0-win32-x64\jre\17.0.11-win32-x86_64\bin\msvcp140.dll
0x00007ff9f94d0000 - 0x00007ff9fa132000 	c:\Users\TRETEC\.vscode\extensions\redhat.java-1.31.0-win32-x64\jre\17.0.11-win32-x86_64\bin\server\jvm.dll
0x00007ffa81ab0000 - 0x00007ffa81b62000 	C:\WINDOWS\System32\ADVAPI32.dll
0x00007ffa81560000 - 0x00007ffa81608000 	C:\WINDOWS\System32\sechost.dll
0x00007ffa80890000 - 0x00007ffa808b8000 	C:\WINDOWS\System32\bcrypt.dll
0x00007ffa82240000 - 0x00007ffa82355000 	C:\WINDOWS\System32\RPCRT4.dll
0x00007ffa7fff0000 - 0x00007ffa8003d000 	C:\WINDOWS\SYSTEM32\POWRPROF.dll
0x00007ffa60fe0000 - 0x00007ffa60fe9000 	C:\WINDOWS\SYSTEM32\WSOCK32.dll
0x00007ffa82bd0000 - 0x00007ffa82c41000 	C:\WINDOWS\System32\WS2_32.dll
0x00007ffa77b20000 - 0x00007ffa77b54000 	C:\WINDOWS\SYSTEM32\WINMM.dll
0x00007ffa75de0000 - 0x00007ffa75dea000 	C:\WINDOWS\SYSTEM32\VERSION.dll
0x00007ffa7ffd0000 - 0x00007ffa7ffe3000 	C:\WINDOWS\SYSTEM32\UMPDC.dll
0x00007ffa7f2c0000 - 0x00007ffa7f2d8000 	C:\WINDOWS\SYSTEM32\kernel.appcore.dll
0x00007ffa670b0000 - 0x00007ffa670ba000 	c:\Users\TRETEC\.vscode\extensions\redhat.java-1.31.0-win32-x64\jre\17.0.11-win32-x86_64\bin\jimage.dll
0x00007ffa7d7c0000 - 0x00007ffa7d9f2000 	C:\WINDOWS\SYSTEM32\DBGHELP.DLL
0x00007ffa81710000 - 0x00007ffa81a98000 	C:\WINDOWS\System32\combase.dll
0x00007ffa80d80000 - 0x00007ffa80e57000 	C:\WINDOWS\System32\OLEAUT32.dll
0x00007ffa68ef0000 - 0x00007ffa68f22000 	C:\WINDOWS\SYSTEM32\dbgcore.DLL
0x00007ffa80b50000 - 0x00007ffa80bc9000 	C:\WINDOWS\System32\bcryptPrimitives.dll
0x00007ffa670a0000 - 0x00007ffa670ae000 	c:\Users\TRETEC\.vscode\extensions\redhat.java-1.31.0-win32-x64\jre\17.0.11-win32-x86_64\bin\instrument.dll
0x00007ffa3c610000 - 0x00007ffa3c635000 	c:\Users\TRETEC\.vscode\extensions\redhat.java-1.31.0-win32-x64\jre\17.0.11-win32-x86_64\bin\java.dll
0x00007ffa54240000 - 0x00007ffa54258000 	c:\Users\TRETEC\.vscode\extensions\redhat.java-1.31.0-win32-x64\jre\17.0.11-win32-x86_64\bin\zip.dll
0x00007ffa82370000 - 0x00007ffa82bcc000 	C:\WINDOWS\System32\SHELL32.dll
0x00007ffa7e1d0000 - 0x00007ffa7eac6000 	C:\WINDOWS\SYSTEM32\windows.storage.dll
0x00007ffa7e090000 - 0x00007ffa7e1ce000 	C:\WINDOWS\SYSTEM32\wintypes.dll
0x00007ffa82c50000 - 0x00007ffa82d45000 	C:\WINDOWS\System32\SHCORE.dll
0x00007ffa81fe0000 - 0x00007ffa8203e000 	C:\WINDOWS\System32\shlwapi.dll
0x00007ffa80210000 - 0x00007ffa80231000 	C:\WINDOWS\SYSTEM32\profapi.dll
0x00007ffa4ece0000 - 0x00007ffa4ecf9000 	C:\Users\TRETEC\.vscode\extensions\redhat.java-1.31.0-win32-x64\jre\17.0.11-win32-x86_64\bin\net.dll
0x00007ffa7a940000 - 0x00007ffa7aa76000 	C:\WINDOWS\SYSTEM32\WINHTTP.dll
0x00007ffa7f720000 - 0x00007ffa7f789000 	C:\WINDOWS\system32\mswsock.dll
0x00007ffa491c0000 - 0x00007ffa491d6000 	C:\Users\TRETEC\.vscode\extensions\redhat.java-1.31.0-win32-x64\jre\17.0.11-win32-x86_64\bin\nio.dll
0x00007ffa65b60000 - 0x00007ffa65b70000 	c:\Users\TRETEC\.vscode\extensions\redhat.java-1.31.0-win32-x64\jre\17.0.11-win32-x86_64\bin\verify.dll
0x00007ffa3bcc0000 - 0x00007ffa3bd04000 	C:\Users\TRETEC\AppData\Roaming\Code\User\globalStorage\redhat.java\1.31.0\config_ss_win\org.eclipse.equinox.launcher\org.eclipse.equinox.launcher.win32.win32.x86_64_1.2.1000.v20240507-1834\eclipse_11902.dll
0x00007ffa82090000 - 0x00007ffa82235000 	C:\WINDOWS\System32\ole32.dll
0x00007ffa7fa70000 - 0x00007ffa7fa8b000 	C:\WINDOWS\SYSTEM32\CRYPTSP.dll
0x00007ffa7f220000 - 0x00007ffa7f255000 	C:\WINDOWS\system32\rsaenh.dll
0x00007ffa7f7c0000 - 0x00007ffa7f7e8000 	C:\WINDOWS\SYSTEM32\USERENV.dll
0x00007ffa7fa50000 - 0x00007ffa7fa5c000 	C:\WINDOWS\SYSTEM32\CRYPTBASE.dll
0x00007ffa7ed20000 - 0x00007ffa7ed4d000 	C:\WINDOWS\SYSTEM32\IPHLPAPI.DLL
0x00007ffa81aa0000 - 0x00007ffa81aa9000 	C:\WINDOWS\System32\NSI.dll
0x00007ffa7a110000 - 0x00007ffa7a129000 	C:\WINDOWS\SYSTEM32\dhcpcsvc6.DLL
0x00007ffa7a0f0000 - 0x00007ffa7a10f000 	C:\WINDOWS\SYSTEM32\dhcpcsvc.DLL
0x00007ffa7ed50000 - 0x00007ffa7ee48000 	C:\WINDOWS\SYSTEM32\DNSAPI.dll
0x00007ffa3bc30000 - 0x00007ffa3bc75000 	C:\Users\TRETEC\AppData\Local\Temp\jna--1812251381\jna17436210808859936703.dll
0x00007ffa80d70000 - 0x00007ffa80d78000 	C:\WINDOWS\System32\PSAPI.DLL

dbghelp: loaded successfully - version: 4.0.5 - missing functions: none
symbol engine: initialized successfully - sym options: 0x614 - pdb path: .;c:\Users\TRETEC\.vscode\extensions\redhat.java-1.31.0-win32-x64\jre\17.0.11-win32-x86_64\bin;C:\WINDOWS\SYSTEM32;C:\WINDOWS\WinSxS\amd64_microsoft.windows.common-controls_6595b64144ccf1df_6.0.22621.3527_none_270e469b73872a76;c:\Users\TRETEC\.vscode\extensions\redhat.java-1.31.0-win32-x64\jre\17.0.11-win32-x86_64\bin\server;C:\Users\TRETEC\AppData\Roaming\Code\User\globalStorage\redhat.java\1.31.0\config_ss_win\org.eclipse.equinox.launcher\org.eclipse.equinox.launcher.win32.win32.x86_64_1.2.1000.v20240507-1834;C:\Users\TRETEC\AppData\Local\Temp\jna--1812251381

VM Arguments:
jvm_args: --add-modules=ALL-SYSTEM --add-opens=java.base/java.util=ALL-UNNAMED --add-opens=java.base/java.lang=ALL-UNNAMED --add-opens=java.base/sun.nio.fs=ALL-UNNAMED -Declipse.application=org.eclipse.jdt.ls.core.id1 -Dosgi.bundles.defaultStartLevel=4 -Declipse.product=org.eclipse.jdt.ls.core.product -Djava.import.generatesMetadataFilesAtProjectRoot=false -DDetectVMInstallationsJob.disabled=true -Dfile.encoding=utf8 -XX:+UseParallelGC -XX:GCTimeRatio=4 -XX:AdaptiveSizePolicyWeight=90 -Dsun.zip.disableMemoryMapping=true -Xmx1G -Xms100m -Xlog:disable -javaagent:c:\Users\TRETEC\.vscode\extensions\redhat.java-1.31.0-win32-x64\lombok\lombok-1.18.32.jar 
java_command: c:\Users\TRETEC\.vscode\extensions\redhat.java-1.31.0-win32-x64\server\plugins\org.eclipse.equinox.launcher_1.6.800.v20240513-1750.jar -configuration c:\Users\TRETEC\AppData\Roaming\Code\User\globalStorage\redhat.java\1.31.0\config_ss_win -data c:\Users\TRETEC\AppData\Roaming\Code\User\workspaceStorage\a01191937b3e42012dc9e0e6b416a03f\redhat.java\ss_ws --pipe=\\.\pipe\lsp-085a7a4da16804960b88919a555cd7b7-sock
java_class_path (initial): c:\Users\TRETEC\.vscode\extensions\redhat.java-1.31.0-win32-x64\server\plugins\org.eclipse.equinox.launcher_1.6.800.v20240513-1750.jar
Launcher Type: SUN_STANDARD

[Global flags]
    uintx AdaptiveSizePolicyWeight                 = 90                                        {product} {command line}
     intx CICompilerCount                          = 4                                         {product} {ergonomic}
    uintx GCTimeRatio                              = 4                                         {product} {command line}
   size_t InitialHeapSize                          = 104857600                                 {product} {command line}
   size_t MaxHeapSize                              = 1073741824                                {product} {command line}
   size_t MaxNewSize                               = 357564416                                 {product} {ergonomic}
   size_t MinHeapDeltaBytes                        = 524288                                    {product} {ergonomic}
   size_t MinHeapSize                              = 104857600                                 {product} {command line}
   size_t NewSize                                  = 34603008                                  {product} {ergonomic}
    uintx NonNMethodCodeHeapSize                   = 5839372                                {pd product} {ergonomic}
    uintx NonProfiledCodeHeapSize                  = 122909434                              {pd product} {ergonomic}
   size_t OldSize                                  = 70254592                                  {product} {ergonomic}
    uintx ProfiledCodeHeapSize                     = 122909434                              {pd product} {ergonomic}
    uintx ReservedCodeCacheSize                    = 251658240                              {pd product} {ergonomic}
     bool SegmentedCodeCache                       = true                                      {product} {ergonomic}
   size_t SoftMaxHeapSize                          = 1073741824                             {manageable} {ergonomic}
     bool UseCompressedClassPointers               = true                           {product lp64_product} {ergonomic}
     bool UseCompressedOops                        = true                           {product lp64_product} {ergonomic}
     bool UseLargePagesIndividualAllocation        = false                                  {pd product} {ergonomic}
     bool UseParallelGC                            = true                                      {product} {command line}

Logging:
Log output configuration:
 #0: stdout all=off uptime,level,tags
 #1: stderr all=off uptime,level,tags

Environment Variables:
JAVA_HOME=C:\Program Files\Java\jdk-21\jdk-17.0.2
PATH=C:\Users\TRETEC\Downloads\WINDOWS.X64_193000_db_home_\bin;C:\Users\TRETEC\Downloads\WINDOWS.X64_193000_db_home\bin;C:\Users\TRETEC\Desktop\WINDOWS.X64_193000_db_home\bin;C:\Program Files\Common Files\Oracle\Java\javapath;C:\Program Files (x86)\Common Files\Oracle\Java\java8path;C:\Program Files (x86)\Common Files\Oracle\Java\javapath;C:\WINDOWS\system32;C:\WINDOWS;C:\WINDOWS\System32\Wbem;C:\WINDOWS\System32\WindowsPowerShell\v1.0\;C:\WINDOWS\System32\OpenSSH\;C:\MinGW\bin;C:\Users\TRETEC\AppData\Roaming\Microsoft\Windows\Start Menu\Programs\Python 3.10;C:\Program Files (x86)\dotnet\;C:\Program Files\nodejs\;C:\Program Files\Docker\Docker\resources\bin;C:\xampp\php;C:\ProgramData\ComposerSetup\bin;C:\Program Files\Git\cmd;C:\Users\TRETEC\AppData\Local\Microsoft\WindowsApps;C:\Users\TRETEC\AppData\Local\Programs\Microsoft VS Code\bin;C:\Program Files\JetBrains\CLion 2021.2.3\bin;C:\Users\TRETEC\AppData\Local\JetBrains\Toolbox\scripts;C:\Users\TRETEC\AppData\Local\GitHubDesktop\bin;C:\Users\TRETEC\AppData\Local\Microsoft\WindowsApps;C:\Users\TRETEC\AppData\Roaming\npm;C:\Users\TRETEC\AppData\Local\Packages\PythonSoftwareFoundation.Python.3.11_qbz5n2kfra8p0\LocalCache\local-packages\Python311\site-packages;C:\Users\TRETEC\AppData\Roaming\Composer\vendor\bin;C:\Program Files\flutter\bin;C:\kube;
USERNAME=TRETEC
OS=Windows_NT
PROCESSOR_IDENTIFIER=Intel64 Family 6 Model 142 Stepping 12, GenuineIntel
TMP=C:\Users\TRETEC\AppData\Local\Temp
TEMP=C:\Users\TRETEC\AppData\Local\Temp



Periodic native trim disabled


---------------  S Y S T E M  ---------------

OS:
 Windows 11 , 64 bit Build 22621 (10.0.22621.3527)
OS uptime: 2 days 8:26 hours
Hyper-V role detected

CPU: total 8 (initial active 8) (4 cores per cpu, 2 threads per core) family 6 model 142 stepping 12 microcode 0xde, cx8, cmov, fxsr, ht, mmx, 3dnowpref, sse, sse2, sse3, ssse3, sse4.1, sse4.2, popcnt, lzcnt, tsc, tscinvbit, avx, avx2, aes, erms, clmul, bmi1, bmi2, adx, fma, vzeroupper, clflush, clflushopt, hv
Processor Information for all 8 processors :
  Max Mhz: 1896, Current Mhz: 1596, Mhz Limit: 1592

Memory: 4k page, system-wide physical 8002M (56M free)
TotalPageFile size 32578M (AvailPageFile size 3M)
current process WorkingSet (physical memory assigned to process): 136M, peak: 137M
current process commit charge ("private bytes"): 243M, peak: 243M

vm_info: OpenJDK 64-Bit Server VM (17.0.11+9) for windows-amd64 JRE (17.0.11+9), built on Apr 17 2024 06:07:48 by "admin" with MS VC++ 16.10 / 16.11 (VS2019)

END.
