#
# There is insufficient memory for the Java Runtime Environment to continue.
# Native memory allocation (mmap) failed to map 65536 bytes. Error detail: Failed to commit metaspace.
# Possible reasons:
#   The system is out of physical RAM or swap space
#   This process is running with CompressedOops enabled, and the Java Heap may be blocking the growth of the native heap
# Possible solutions:
#   Reduce memory load on the system
#   Increase physical memory or swap space
#   Check if swap backing store is full
#   Decrease Java heap size (-Xmx/-Xms)
#   Decrease number of Java threads
#   Decrease Java thread stack sizes (-Xss)
#   Set larger code cache with -XX:ReservedCodeCacheSize=
#   JVM is running with Unscaled Compressed Oops mode in which the Java heap is
#     placed in the first 4GB address space. The Java Heap base address is the
#     maximum limit for the native heap growth. Please use -XX:HeapBaseMinAddress
#     to set the Java Heap base and to place the Java Heap above 4GB virtual address.
# This output file may be truncated or incomplete.
#
#  Out of Memory Error (virtualSpaceNode.cpp:110), pid=18088, tid=19012
#
# JRE version: OpenJDK Runtime Environment Temurin-17.0.11+9 (17.0.11+9) (build 17.0.11+9)
# Java VM: OpenJDK 64-Bit Server VM Temurin-17.0.11+9 (17.0.11+9, mixed mode, tiered, compressed oops, compressed class ptrs, parallel gc, windows-amd64)
# No core dump will be written. Minidumps are not enabled by default on client versions of Windows
#

---------------  S U M M A R Y ------------

Command Line: --add-modules=ALL-SYSTEM --add-opens=java.base/java.util=ALL-UNNAMED --add-opens=java.base/java.lang=ALL-UNNAMED --add-opens=java.base/sun.nio.fs=ALL-UNNAMED -Declipse.application=org.eclipse.jdt.ls.core.id1 -Dosgi.bundles.defaultStartLevel=4 -Declipse.product=org.eclipse.jdt.ls.core.product -Djava.import.generatesMetadataFilesAtProjectRoot=false -DDetectVMInstallationsJob.disabled=true -Dfile.encoding=utf8 -XX:+UseParallelGC -XX:GCTimeRatio=4 -XX:AdaptiveSizePolicyWeight=90 -Dsun.zip.disableMemoryMapping=true -Xmx1G -Xms100m -Xlog:disable -javaagent:c:\Users\TRETEC\.vscode\extensions\redhat.java-1.31.0-win32-x64\lombok\lombok-1.18.32.jar c:\Users\TRETEC\.vscode\extensions\redhat.java-1.31.0-win32-x64\server\plugins\org.eclipse.equinox.launcher_1.6.800.v20240513-1750.jar -configuration c:\Users\TRETEC\AppData\Roaming\Code\User\globalStorage\redhat.java\1.31.0\config_ss_win -data c:\Users\TRETEC\AppData\Roaming\Code\User\workspaceStorage\a01191937b3e42012dc9e0e6b416a03f\redhat.java\ss_ws --pipe=\\.\pipe\lsp-30e719d77119866fc51eac4c41f7e7b7-sock

Host: Intel(R) Core(TM) i5-8365U CPU @ 1.60GHz, 8 cores, 7G,  Windows 11 , 64 bit Build 22621 (10.0.22621.3527)
Time: Thu Jun  6 17:30:27 2024 Paris, Madrid elapsed time: 3.301971 seconds (0d 0h 0m 3s)

---------------  T H R E A D  ---------------

Current thread (0x000002825551ff20):  JavaThread "main" [_thread_in_vm, id=19012, stack(0x0000009eb0200000,0x0000009eb0300000)]

Stack: [0x0000009eb0200000,0x0000009eb0300000]
Native frames: (J=compiled Java code, j=interpreted, Vv=VM code, C=native code)
V  [jvm.dll+0x67d429]
V  [jvm.dll+0x834b7a]
V  [jvm.dll+0x83663e]
V  [jvm.dll+0x836ca3]
V  [jvm.dll+0x247dbf]
V  [jvm.dll+0x83083b]
V  [jvm.dll+0x621d56]
V  [jvm.dll+0x1c1b3e]
V  [jvm.dll+0x6246b1]
V  [jvm.dll+0x6226f6]
V  [jvm.dll+0x23c27f]
V  [jvm.dll+0x62c585]
V  [jvm.dll+0x1ebb1b]
V  [jvm.dll+0x1ec055]
V  [jvm.dll+0x1ecb10]
V  [jvm.dll+0x1e1f11]
V  [jvm.dll+0x54250e]
V  [jvm.dll+0x7aecb8]
V  [jvm.dll+0x7aeda4]
V  [jvm.dll+0x4106a5]
V  [jvm.dll+0x416819]
C  [java.dll+0x17ec]

Java frames: (J=compiled Java code, j=interpreted, Vv=VM code)
J 1067  java.lang.ClassLoader.defineClass1(Ljava/lang/ClassLoader;Ljava/lang/String;[BIILjava/security/ProtectionDomain;Ljava/lang/String;)Ljava/lang/Class; java.base@17.0.11 (0 bytes) @ 0x000002825fccdcdb [0x000002825fccdc20+0x00000000000000bb]
J 1072 c1 java.lang.ClassLoader.defineClass(Ljava/lang/String;[BIILjava/security/ProtectionDomain;)Ljava/lang/Class; java.base@17.0.11 (43 bytes) @ 0x00000282583767c4 [0x0000028258376480+0x0000000000000344]
j  java.security.SecureClassLoader.defineClass(Ljava/lang/String;[BIILjava/security/CodeSource;)Ljava/lang/Class;+12 java.base@17.0.11
j  java.net.URLClassLoader.defineClass(Ljava/lang/String;Ljdk/internal/loader/Resource;)Ljava/lang/Class;+221 java.base@17.0.11
j  java.net.URLClassLoader$1.run()Ljava/lang/Class;+43 java.base@17.0.11
j  java.net.URLClassLoader$1.run()Ljava/lang/Object;+1 java.base@17.0.11
J 1266 c1 java.security.AccessController.doPrivileged(Ljava/security/PrivilegedExceptionAction;Ljava/security/AccessControlContext;)Ljava/lang/Object; java.base@17.0.11 (26 bytes) @ 0x00000282583d57f4 [0x00000282583d5620+0x00000000000001d4]
j  java.net.URLClassLoader.findClass(Ljava/lang/String;)Ljava/lang/Class;+13 java.base@17.0.11
J 1062 c1 java.lang.ClassLoader.loadClass(Ljava/lang/String;Z)Ljava/lang/Class; java.base@17.0.11 (121 bytes) @ 0x0000028258370e5c [0x00000282583708c0+0x000000000000059c]
J 760 c1 java.lang.ClassLoader.loadClass(Ljava/lang/String;)Ljava/lang/Class; java.base@17.0.11 (7 bytes) @ 0x00000282582deebc [0x00000282582dedc0+0x00000000000000fc]
v  ~StubRoutines::call_stub
j  org.eclipse.osgi.compatibility.state.Activator.<init>()V+5
v  ~StubRoutines::call_stub
j  jdk.internal.reflect.NativeConstructorAccessorImpl.newInstance0(Ljava/lang/reflect/Constructor;[Ljava/lang/Object;)Ljava/lang/Object;+0 java.base@17.0.11
j  jdk.internal.reflect.NativeConstructorAccessorImpl.newInstance([Ljava/lang/Object;)Ljava/lang/Object;+118 java.base@17.0.11
J 921 c1 jdk.internal.reflect.DelegatingConstructorAccessorImpl.newInstance([Ljava/lang/Object;)Ljava/lang/Object; java.base@17.0.11 (9 bytes) @ 0x000002825832a5bc [0x000002825832a4c0+0x00000000000000fc]
J 920 c1 java.lang.reflect.Constructor.newInstanceWithCaller([Ljava/lang/Object;ZLjava/lang/Class;)Ljava/lang/Object; java.base@17.0.11 (76 bytes) @ 0x0000028258329fcc [0x0000028258329d80+0x000000000000024c]
J 926 c1 java.lang.reflect.Constructor.newInstance([Ljava/lang/Object;)Ljava/lang/Object; java.base@17.0.11 (34 bytes) @ 0x000002825832b0ac [0x000002825832af40+0x000000000000016c]
j  org.eclipse.osgi.storage.FrameworkExtensionInstaller.startExtensionActivator(Lorg/eclipse/osgi/container/ModuleRevision;Lorg/osgi/framework/BundleContext;)V+75
j  org.eclipse.osgi.storage.FrameworkExtensionInstaller.startExtensionActivators(Lorg/osgi/framework/BundleContext;)V+157
j  org.eclipse.osgi.internal.framework.SystemBundleActivator.start(Lorg/osgi/framework/BundleContext;)V+460
j  org.eclipse.osgi.internal.framework.BundleContextImpl$2.run()Ljava/lang/Void;+23
j  org.eclipse.osgi.internal.framework.BundleContextImpl$2.run()Ljava/lang/Object;+1
J 879 c1 java.security.AccessController.executePrivileged(Ljava/security/PrivilegedExceptionAction;Ljava/security/AccessControlContext;Ljava/lang/Class;)Ljava/lang/Object; java.base@17.0.11 (65 bytes) @ 0x000002825831abb4 [0x000002825831aa60+0x0000000000000154]
j  java.security.AccessController.doPrivileged(Ljava/security/PrivilegedExceptionAction;)Ljava/lang/Object;+9 java.base@17.0.11
j  org.eclipse.osgi.internal.framework.BundleContextImpl.startActivator(Lorg/osgi/framework/BundleActivator;)V+9
j  org.eclipse.osgi.internal.framework.BundleContextImpl.start()V+134
j  org.eclipse.osgi.internal.framework.EquinoxBundle.startWorker0()V+35
j  org.eclipse.osgi.internal.framework.EquinoxBundle$SystemBundle$EquinoxSystemModule.initWorker()V+60
j  org.eclipse.osgi.container.SystemModule.init()V+333
j  org.eclipse.osgi.internal.framework.EquinoxBundle$SystemBundle.init([Lorg/osgi/framework/FrameworkListener;)V+84
j  org.eclipse.osgi.internal.framework.EquinoxBundle$SystemBundle.init()V+2
j  org.eclipse.osgi.launch.Equinox.init()V+4
j  org.eclipse.core.runtime.adaptor.EclipseStarter.startup([Ljava/lang/String;Ljava/lang/Runnable;)Lorg/osgi/framework/BundleContext;+37
j  org.eclipse.core.runtime.adaptor.EclipseStarter.run([Ljava/lang/String;Ljava/lang/Runnable;)Ljava/lang/Object;+21
v  ~StubRoutines::call_stub
j  jdk.internal.reflect.NativeMethodAccessorImpl.invoke0(Ljava/lang/reflect/Method;Ljava/lang/Object;[Ljava/lang/Object;)Ljava/lang/Object;+0 java.base@17.0.11
j  jdk.internal.reflect.NativeMethodAccessorImpl.invoke(Ljava/lang/Object;[Ljava/lang/Object;)Ljava/lang/Object;+133 java.base@17.0.11
j  jdk.internal.reflect.DelegatingMethodAccessorImpl.invoke(Ljava/lang/Object;[Ljava/lang/Object;)Ljava/lang/Object;+6 java.base@17.0.11
j  java.lang.reflect.Method.invoke(Ljava/lang/Object;[Ljava/lang/Object;)Ljava/lang/Object;+59 java.base@17.0.11
j  org.eclipse.equinox.launcher.Main.invokeFramework([Ljava/lang/String;[Ljava/net/URL;)V+202
j  org.eclipse.equinox.launcher.Main.basicRun([Ljava/lang/String;)V+159
j  org.eclipse.equinox.launcher.Main.run([Ljava/lang/String;)I+4
j  org.eclipse.equinox.launcher.Main.main([Ljava/lang/String;)V+10
v  ~StubRoutines::call_stub

Compiled method (n/a)    3346 1067     n 0       java.lang.ClassLoader::defineClass1 (native)
 total in heap  [0x000002825fccda90,0x000002825fccdee8] = 1112
 relocation     [0x000002825fccdbe8,0x000002825fccdc18] = 48
 main code      [0x000002825fccdc20,0x000002825fccdee8] = 712

[Constant Pool (empty)]

[MachCode]
[Entry Point]
  # {method} {0x000002826a01de78} 'defineClass1' '(Ljava/lang/ClassLoader;Ljava/lang/String;[BIILjava/security/ProtectionDomain;Ljava/lang/String;)Ljava/lang/Class;' in 'java/lang/ClassLoader'
  # parm0:    rdx:rdx   = 'java/lang/ClassLoader'
  # parm1:    r8:r8     = 'java/lang/String'
  # parm2:    r9:r9     = '[B'
  # parm3:    rdi       = int
  # parm4:    rsi       = int
  # parm5:    rcx:rcx   = 'java/security/ProtectionDomain'
  # parm6:    [sp+0xa0]   = 'java/lang/String'  (sp of caller)
  0x000002825fccdc20: 448b 5208 | 49c1 e203 | 493b c20f | 8407 0000 

  0x000002825fccdc30: ;   {runtime_call ic_miss_stub}
  0x000002825fccdc30: 00e9 4a31 | a5ff 6690 
[Verified Entry Point]
  0x000002825fccdc38: 8984 2400 | 90ff ff55 | 488b ec48 | 81ec 9000 | 0000 4881 | 7d10 0000 | 0000 488d | 4510 480f 
  0x000002825fccdc58: 4445 1048 | 8944 2440 | 4889 4c24 | 7048 83f9 | 0048 8d44 | 2470 480f | 4444 2470 | 4889 4424 
  0x000002825fccdc78: 3848 8974 | 2430 4889 | 7c24 284c | 894c 2458 | 4983 f900 | 488d 4424 | 5848 0f44 | 4424 5848 
  0x000002825fccdc98: 8944 2420 | 4c89 4424 | 5049 83f8 | 004c 8d4c | 2450 4c0f | 444c 2450 | 4889 5424 | 4848 83fa 
  0x000002825fccdcb8: 004c 8d44 | 2448 4c0f | 4444 2448 

  0x000002825fccdcc4: ;   {oop(a 'java/lang/Class'{0x00000000ec4509e0} = 'java/lang/ClassLoader')}
  0x000002825fccdcc4: 49be e009 | 45ec 0000 | 0000 4c89 | 7424 784c | 8d74 2478 | 498b d6c5 

  0x000002825fccdcdc: ;   {internal_word}
  0x000002825fccdcdc: f877 49ba | dbdc cc5f | 8202 0000 | 4d89 97a0 | 0200 0049 | 89a7 9802 

  0x000002825fccdcf4: ;   {external_word}
  0x000002825fccdcf4: 0000 49ba | 5835 05fa | f97f 0000 | 4180 3a00 | 0f84 5200 | 0000 5241 

  0x000002825fccdd0c: ;   {metadata({method} {0x000002826a01de78} 'defineClass1' '(Ljava/lang/ClassLoader;Ljava/lang/String;[BIILjava/security/ProtectionDomain;Ljava/lang/String;)Ljava/lang/Class;' in 'java/lang/ClassLoader')}
  0x000002825fccdd0c: 5041 5148 | ba70 de01 | 6a82 0200 | 0049 8bcf | 4883 ec20 | f7c4 0f00 | 0000 0f84 | 1a00 0000 
  0x000002825fccdd2c: 4883 ec08 

  0x000002825fccdd30: ;   {runtime_call}
  0x000002825fccdd30: 49ba 6031 | bbf9 f97f | 0000 41ff | d248 83c4 | 08e9 0d00 

  0x000002825fccdd44: ;   {runtime_call}
  0x000002825fccdd44: 0000 49ba | 6031 bbf9 | f97f 0000 | 41ff d248 | 83c4 2041 | 5941 585a | 498d 8fb8 | 0200 0041 
  0x000002825fccdd64: c787 4803 | 0000 0400 

  0x000002825fccdd6c: ;   {runtime_call}
  0x000002825fccdd6c: 0000 49ba | ac16 613c | fa7f 0000 | 41ff d2c5 | f877 41c7 | 8748 0300 | 0005 0000 | 00f0 8344 
  0x000002825fccdd8c: 24c0 0049 | 3baf 5003 | 0000 0f87 | 1100 0000 | 4181 bf38 | 0300 0000 | 0000 000f | 842c 0000 
  0x000002825fccddac: 00c5 f877 | 4889 45f8 | 498b cf4c | 8be4 4883 | ec20 4883 

  0x000002825fccddc0: ;   {runtime_call}
  0x000002825fccddc0: e4f0 49ba | c045 cbf9 | f97f 0000 | 41ff d249 | 8be4 4d33 | e448 8b45 | f841 c787 | 4803 0000 
  0x000002825fccdde0: 0800 0000 | 4181 bfb8 | 0300 0002 | 0000 000f | 84c5 0000 

  0x000002825fccddf4: ;   {external_word}
  0x000002825fccddf4: 0049 ba58 | 3505 faf9 | 7f00 0041 | 803a 000f | 8450 0000 | 0048 8945 

  0x000002825fccde0c: ;   {metadata({method} {0x000002826a01de78} 'defineClass1' '(Ljava/lang/ClassLoader;Ljava/lang/String;[BIILjava/security/ProtectionDomain;Ljava/lang/String;)Ljava/lang/Class;' in 'java/lang/ClassLoader')}
  0x000002825fccde0c: f848 ba70 | de01 6a82 | 0200 0049 | 8bcf 4883 | ec20 f7c4 | 0f00 0000 | 0f84 1a00 | 0000 4883 
  0x000002825fccde2c: ;   {runtime_call}
  0x000002825fccde2c: ec08 49ba | 6031 bbf9 | f97f 0000 | 41ff d248 | 83c4 08e9 | 0d00 0000 

  0x000002825fccde44: ;   {runtime_call}
  0x000002825fccde44: 49ba 6031 | bbf9 f97f | 0000 41ff | d248 83c4 | 2048 8b45 | f849 c787 | 9802 0000 | 0000 0000 
  0x000002825fccde64: 49c7 87a0 | 0200 0000 | 0000 00c5 | f877 4885 | c00f 8419 | 0000 0048 | f7c0 0100 | 0000 0f84 
  0x000002825fccde84: 0900 0000 | 488b 40ff | e903 0000 | 0048 8b00 | 498b 8fd8 | 0000 00c7 | 8100 0100 | 0000 0000 
  0x000002825fccdea4: 00c9 4981 | 7f08 0000 | 0000 0f85 | 0100 0000 

  0x000002825fccdeb4: ;   {runtime_call StubRoutines (1)}
  0x000002825fccdeb4: c3e9 4630 | a0ff c5f8 | 7748 8945 | f84c 8be4 | 4883 ec20 | 4883 e4f0 

  0x000002825fccdecc: ;   {runtime_call}
  0x000002825fccdecc: 49ba e061 | bbf9 f97f | 0000 41ff | d249 8be4 | 4d33 e448 | 8b45 f8e9 | 0dff ffff 
[/MachCode]


Compiled method (c1)    3364 1072       3       java.lang.ClassLoader::defineClass (43 bytes)
 total in heap  [0x0000028258376290,0x0000028258376bc8] = 2360
 relocation     [0x00000282583763e8,0x0000028258376478] = 144
 main code      [0x0000028258376480,0x0000028258376900] = 1152
 stub code      [0x0000028258376900,0x0000028258376978] = 120
 metadata       [0x0000028258376978,0x00000282583769b8] = 64
 scopes data    [0x00000282583769b8,0x0000028258376aa8] = 240
 scopes pcs     [0x0000028258376aa8,0x0000028258376b88] = 224
 dependencies   [0x0000028258376b88,0x0000028258376ba0] = 24
 nul chk table  [0x0000028258376ba0,0x0000028258376bc8] = 40

[Constant Pool (empty)]

[MachCode]
[Entry Point]
  # {method} {0x000002826a01dce8} 'defineClass' '(Ljava/lang/String;[BIILjava/security/ProtectionDomain;)Ljava/lang/Class;' in 'java/lang/ClassLoader'
  # this:     rdx:rdx   = 'java/lang/ClassLoader'
  # parm0:    r8:r8     = 'java/lang/String'
  # parm1:    r9:r9     = '[B'
  # parm2:    rdi       = int
  # parm3:    rsi       = int
  # parm4:    rcx:rcx   = 'java/security/ProtectionDomain'
  #           [sp+0xc0]  (sp of caller)
  0x0000028258376480: 448b 5208 | 49c1 e203 

  0x0000028258376488: ;   {runtime_call ic_miss_stub}
  0x0000028258376488: 4c3b d00f | 85ef a83a | 0766 6666 | 0f1f 8400 | 0000 0000 | 6666 6690 
[Verified Entry Point]
  0x00000282583764a0: 8984 2400 | 90ff ff55 | 4881 ecb0 | 0000 0048 | 8954 2478 

  0x00000282583764b4: ;   {metadata(method data for {method} {0x000002826a01dce8} 'defineClass' '(Ljava/lang/String;[BIILjava/security/ProtectionDomain;)Ljava/lang/Class;' in 'java/lang/ClassLoader')}
  0x00000282583764b4: 48bb 48a9 | b16a 8202 | 0000 8b83 | cc00 0000 | 83c0 0289 | 83cc 0000 | 0081 e0fe | 0700 0083 
  0x00000282583764d4: f800 0f84 | 3e03 0000 | 89b4 2494 | 0000 0089 | bc24 9000 | 0000 4c89 | 8c24 8800 | 0000 488b 
  0x00000282583764f4: ;   {metadata(method data for {method} {0x000002826a01dce8} 'defineClass' '(Ljava/lang/String;[BIILjava/security/ProtectionDomain;)Ljava/lang/Class;' in 'java/lang/ClassLoader')}
  0x00000282583764f4: da48 b848 | a9b1 6a82 | 0200 0048 | 8380 1001 | 0000 0149 | 8bd8 4c8b | c34c 8bc9 | 488b ca48 
  0x0000028258376514: 8bd1 4889 | 9c24 8000 

  0x000002825837651c: ;   {optimized virtual_call}
  0x000002825837651c: 0000 90e8 

  0x0000028258376520: ; ImmutableOopMap {[120]=Oop [136]=Oop [128]=Oop }
                      ;*invokevirtual preDefineClass {reexecute=0 rethrow=0 return_oop=0}
                      ; - java.lang.ClassLoader::defineClass@4
  0x0000028258376520: 7c0a 0000 | 4889 8424 | 9800 0000 | 488b 5424 

  0x0000028258376530: ;   {metadata(method data for {method} {0x000002826a01dce8} 'defineClass' '(Ljava/lang/String;[BIILjava/security/ProtectionDomain;)Ljava/lang/Class;' in 'java/lang/ClassLoader')}
  0x0000028258376530: 7849 b848 | a9b1 6a82 | 0200 0049 | 8380 4801 

  0x0000028258376540: ;   {metadata(method data for {method} {0x000002826a01db70} 'defineClassSourceLocation' '(Ljava/security/ProtectionDomain;)Ljava/lang/String;' in 'java/lang/ClassLoader')}
  0x0000028258376540: 0000 0149 | b860 b0b1 | 6a82 0200 | 0041 8b90 | cc00 0000 | 83c2 0241 | 8990 cc00 | 0000 81e2 
  0x0000028258376560: feff 1f00 | 83fa 000f | 84ce 0200 | 0048 3b00 

  0x0000028258376570: ;   {metadata(method data for {method} {0x000002826a01db70} 'defineClassSourceLocation' '(Ljava/security/ProtectionDomain;)Ljava/lang/String;' in 'java/lang/ClassLoader')}
  0x0000028258376570: 4c8b c048 | ba60 b0b1 | 6a82 0200 | 0048 8382 | 1001 0000 | 0144 8b40 | 1049 83f8 

  0x000002825837658c: ;   {metadata(method data for {method} {0x000002826a01db70} 'defineClassSourceLocation' '(Ljava/security/ProtectionDomain;)Ljava/lang/String;' in 'java/lang/ClassLoader')}
  0x000002825837658c: 0048 ba60 | b0b1 6a82 | 0200 0048 | be58 0100 | 0000 0000 | 000f 850a | 0000 0048 | be48 0100 
  0x00000282583765ac: 0000 0000 | 0048 8b3c | 3248 8d7f | 0148 893c | 320f 850f 

  0x00000282583765c0: ;   {oop(NULL)}
  0x00000282583765c0: 0000 0048 | bb00 0000 | 0000 0000 | 00e9 9d01 | 0000 493b | 0049 8bd0 

  0x00000282583765d8: ;   {metadata(method data for {method} {0x000002826a01db70} 'defineClassSourceLocation' '(Ljava/security/ProtectionDomain;)Ljava/lang/String;' in 'java/lang/ClassLoader')}
  0x00000282583765d8: 48be 60b0 | b16a 8202 | 0000 4883 | 8668 0100 | 0001 418b | 500c 4883 

  0x00000282583765f0: ;   {metadata(method data for {method} {0x000002826a01db70} 'defineClassSourceLocation' '(Ljava/security/ProtectionDomain;)Ljava/lang/String;' in 'java/lang/ClassLoader')}
  0x00000282583765f0: fa00 48be | 60b0 b16a | 8202 0000 | 48bf b001 | 0000 0000 | 0000 0f85 | 0a00 0000 | 48bf a001 
  0x0000028258376610: 0000 0000 | 0000 488b | 1c3e 488d | 5b01 4889 | 1c3e 0f85 | 0f00 0000 

  0x0000028258376628: ;   {oop(NULL)}
  0x0000028258376628: 48bb 0000 | 0000 0000 | 0000 e938 

  0x0000028258376634: ;   {metadata(method data for {method} {0x000002826a01db70} 'defineClassSourceLocation' '(Ljava/security/ProtectionDomain;)Ljava/lang/String;' in 'java/lang/ClassLoader')}
  0x0000028258376634: 0100 0048 | be60 b0b1 | 6a82 0200 | 0048 8386 | c001 0000 | 0148 3b02 

  0x000002825837664c: ;   {metadata(method data for {method} {0x000002826a01db70} 'defineClassSourceLocation' '(Ljava/security/ProtectionDomain;)Ljava/lang/String;' in 'java/lang/ClassLoader')}
  0x000002825837664c: 4c8b c248 | be60 b0b1 | 6a82 0200 | 0048 8386 | f801 0000 

  0x0000028258376660: ;   {metadata(method data for {method} {0x000002826a0ba590} 'toString' '()Ljava/lang/String;' in 'java/net/URL')}
  0x0000028258376660: 0149 b8b8 | a3b1 6a82 | 0200 0041 | 8bb0 cc00 | 0000 83c6 | 0241 89b0 | cc00 0000 | 81e6 feff 
  0x0000028258376680: 1f00 83fe | 000f 84e0 | 0100 004c 

  0x000002825837668c: ;   {metadata(method data for {method} {0x000002826a0ba590} 'toString' '()Ljava/lang/String;' in 'java/net/URL')}
  0x000002825837668c: 8bc2 48be | b8a3 b16a | 8202 0000 | 4883 8610 | 0100 0001 

  0x00000282583766a0: ;   {metadata(method data for {method} {0x000002826a0ba628} 'toExternalForm' '()Ljava/lang/String;' in 'java/net/URL')}
  0x00000282583766a0: 49b8 301a | b16a 8202 | 0000 418b | b0cc 0000 | 0083 c602 | 4189 b0cc | 0000 0081 | e6fe ff1f 
  0x00000282583766c0: 0083 fe00 | 0f84 c201 | 0000 8b72 | 3848 3b06 

  0x00000282583766d0: ;   {metadata(method data for {method} {0x000002826a0ba628} 'toExternalForm' '()Ljava/lang/String;' in 'java/net/URL')}
  0x00000282583766d0: 4c8b c648 | bf30 1ab1 | 6a82 0200 | 0045 8b40 | 0849 c1e0 | 034c 3b87 | 2001 0000 | 750d 4883 
  0x00000282583766f0: 8728 0100 | 0001 e966 | 0000 004c | 3b87 3001 | 0000 750d | 4883 8738 | 0100 0001 | e950 0000 
  0x0000028258376710: 0048 81bf | 2001 0000 | 0000 0000 | 7517 4c89 | 8720 0100 | 0048 c787 | 2801 0000 | 0100 0000 
  0x0000028258376730: e92c 0000 | 0048 81bf | 3001 0000 | 0000 0000 | 7517 4c89 | 8730 0100 | 0048 c787 | 3801 0000 
  0x0000028258376750: 0100 0000 | e908 0000 | 0048 8387 | 1001 0000 | 014c 8bc2 

  0x0000028258376764: ;   {optimized virtual_call}
  0x0000028258376764: 488b d6e8 

  0x0000028258376768: ; ImmutableOopMap {[120]=Oop [136]=Oop [128]=Oop [152]=Oop }
                      ;*invokevirtual toExternalForm {reexecute=0 rethrow=0 return_oop=0}
                      ; - java.net.URL::toExternalForm@5
                      ; - java.net.URL::toString@1
                      ; - java.lang.ClassLoader::defineClassSourceLocation@22
                      ; - java.lang.ClassLoader::defineClass@12
  0x0000028258376768: 5475 feff | 488b d848 | 8b84 2498 | 0000 008b | b424 9400 | 0000 8bbc | 2490 0000 | 004c 8b8c 
  0x0000028258376788: 2488 0000 | 004c 8b84 | 2480 0000 | 0048 8b54 

  0x0000028258376798: ;   {metadata(method data for {method} {0x000002826a01dce8} 'defineClass' '(Ljava/lang/String;[BIILjava/security/ProtectionDomain;)Ljava/lang/Class;' in 'java/lang/ClassLoader')}
  0x0000028258376798: 2478 48b9 | 48a9 b16a | 8202 0000 | 4883 8180 | 0100 0001 | 4c8b da49 | 8bd3 488b | c848 891c 
  0x00000282583767b8: 2466 0f1f 

  0x00000282583767bc: ;   {static_call}
  0x00000282583767bc: 4400 00e8 

  0x00000282583767c0: ; ImmutableOopMap {[152]=Oop [120]=Oop }
                      ;*invokestatic defineClass1 {reexecute=0 rethrow=0 return_oop=0}
                      ; - java.lang.ClassLoader::defineClass@27
  0x00000282583767c0: 7474 9507 | 488b 5424 

  0x00000282583767c8: ;   {metadata(method data for {method} {0x000002826a01dce8} 'defineClass' '(Ljava/lang/String;[BIILjava/security/ProtectionDomain;)Ljava/lang/Class;' in 'java/lang/ClassLoader')}
  0x00000282583767c8: 7849 b848 | a9b1 6a82 | 0200 0049 | 8380 9001 | 0000 014c | 8bc0 4c8b | 8c24 9800 | 0000 488b 
  0x00000282583767e8: 5424 7848 | 8984 24a0 | 0000 000f 

  0x00000282583767f4: ;   {optimized virtual_call}
  0x00000282583767f4: 1f40 00e8 

  0x00000282583767f8: ; ImmutableOopMap {[160]=Oop }
                      ;*invokevirtual postDefineClass {reexecute=0 rethrow=0 return_oop=0}
                      ; - java.lang.ClassLoader::defineClass@37
  0x00000282583767f8: a413 0700 | 488b 8424 | a000 0000 | 4881 c4b0 | 0000 005d 

  0x000002825837680c: ;   {poll_return}
  0x000002825837680c: 493b a750 | 0300 000f | 8799 0000 

  0x0000028258376818: ;   {metadata({method} {0x000002826a01dce8} 'defineClass' '(Ljava/lang/String;[BIILjava/security/ProtectionDomain;)Ljava/lang/Class;' in 'java/lang/ClassLoader')}
  0x0000028258376818: 00c3 49ba | e0dc 016a | 8202 0000 | 4c89 5424 | 0848 c704 | 24ff ffff 

  0x0000028258376830: ;   {runtime_call counter_overflow Runtime1 stub}
  0x0000028258376830: ffe8 4a14 

  0x0000028258376834: ; ImmutableOopMap {rdx=Oop [120]=Oop r8=Oop r9=Oop rcx=Oop }
                      ;*synchronization entry
                      ; - java.lang.ClassLoader::defineClass@-1
  0x0000028258376834: 4507 e9a1 

  0x0000028258376838: ;   {metadata({method} {0x000002826a01db70} 'defineClassSourceLocation' '(Ljava/security/ProtectionDomain;)Ljava/lang/String;' in 'java/lang/ClassLoader')}
  0x0000028258376838: fcff ff49 | ba68 db01 | 6a82 0200 | 004c 8954 | 2408 48c7 | 0424 ffff 

  0x0000028258376850: ;   {runtime_call counter_overflow Runtime1 stub}
  0x0000028258376850: ffff e829 

  0x0000028258376854: ; ImmutableOopMap {[120]=Oop [136]=Oop [128]=Oop rax=Oop [152]=Oop }
                      ;*synchronization entry
                      ; - java.lang.ClassLoader::defineClassSourceLocation@-1
                      ; - java.lang.ClassLoader::defineClass@12
  0x0000028258376854: 1445 07e9 | 11fd ffff 

  0x000002825837685c: ;   {runtime_call throw_null_pointer_exception Runtime1 stub}
  0x000002825837685c: e83f c344 

  0x0000028258376860: ; ImmutableOopMap {[120]=Oop [136]=Oop [128]=Oop rax=Oop [152]=Oop }
                      ;*invokevirtual getCodeSource {reexecute=0 rethrow=0 return_oop=0}
                      ; - java.lang.ClassLoader::defineClassSourceLocation@1
                      ; - java.lang.ClassLoader::defineClass@12
                      ;   {runtime_call throw_null_pointer_exception Runtime1 stub}
  0x0000028258376860: 07e8 3ac3 

  0x0000028258376864: ; ImmutableOopMap {[120]=Oop [136]=Oop [128]=Oop rax=Oop [152]=Oop r8=Oop }
                      ;*invokevirtual getLocation {reexecute=0 rethrow=0 return_oop=0}
                      ; - java.lang.ClassLoader::defineClassSourceLocation@12
                      ; - java.lang.ClassLoader::defineClass@12
                      ;   {runtime_call throw_null_pointer_exception Runtime1 stub}
  0x0000028258376864: 4407 e835 

  0x0000028258376868: ; ImmutableOopMap {[120]=Oop [136]=Oop [128]=Oop [152]=Oop rdx=Oop }
                      ;*invokevirtual toString {reexecute=0 rethrow=0 return_oop=0}
                      ; - java.lang.ClassLoader::defineClassSourceLocation@22
                      ; - java.lang.ClassLoader::defineClass@12
                      ;   {metadata({method} {0x000002826a0ba590} 'toString' '()Ljava/lang/String;' in 'java/net/URL')}
  0x0000028258376868: c344 0749 | ba88 a50b | 6a82 0200 | 004c 8954 | 2408 48c7 | 0424 ffff 

  0x0000028258376880: ;   {runtime_call counter_overflow Runtime1 stub}
  0x0000028258376880: ffff e8f9 

  0x0000028258376884: ; ImmutableOopMap {[120]=Oop [136]=Oop [128]=Oop [152]=Oop rdx=Oop }
                      ;*synchronization entry
                      ; - java.net.URL::toString@-1
                      ; - java.lang.ClassLoader::defineClassSourceLocation@22
                      ; - java.lang.ClassLoader::defineClass@12
  0x0000028258376884: 1345 07e9 | fffd ffff 

  0x000002825837688c: ;   {metadata({method} {0x000002826a0ba628} 'toExternalForm' '()Ljava/lang/String;' in 'java/net/URL')}
  0x000002825837688c: 49ba 20a6 | 0b6a 8202 | 0000 4c89 | 5424 0848 | c704 24ff 

  0x00000282583768a0: ;   {runtime_call counter_overflow Runtime1 stub}
  0x00000282583768a0: ffff ffe8 

  0x00000282583768a4: ; ImmutableOopMap {[120]=Oop [136]=Oop [128]=Oop [152]=Oop rdx=Oop }
                      ;*synchronization entry
                      ; - java.net.URL::toExternalForm@-1
                      ; - java.net.URL::toString@1
                      ; - java.lang.ClassLoader::defineClassSourceLocation@22
                      ; - java.lang.ClassLoader::defineClass@12
  0x00000282583768a4: d813 4507 | e91d feff 

  0x00000282583768ac: ;   {runtime_call throw_null_pointer_exception Runtime1 stub}
  0x00000282583768ac: ffe8 eec2 

  0x00000282583768b0: ; ImmutableOopMap {[120]=Oop [136]=Oop [128]=Oop [152]=Oop rdx=Oop rsi=Oop }
                      ;*invokevirtual toExternalForm {reexecute=0 rethrow=0 return_oop=0}
                      ; - java.net.URL::toExternalForm@5
                      ; - java.net.URL::toString@1
                      ; - java.lang.ClassLoader::defineClassSourceLocation@22
                      ; - java.lang.ClassLoader::defineClass@12
                      ;   {internal_word}
  0x00000282583768b0: 4407 49ba | 0c68 3758 | 8202 0000 | 4d89 9768 

  0x00000282583768c0: ;   {runtime_call SafepointBlob}
  0x00000282583768c0: 0300 00e9 | 380e 3b07 | 9090 498b | 87e0 0300 | 0049 c787 | e003 0000 | 0000 0000 | 49c7 87e8 
  0x00000282583768e0: 0300 0000 | 0000 0048 | 81c4 b000 

  0x00000282583768ec: ;   {runtime_call unwind_exception Runtime1 stub}
  0x00000282583768ec: 0000 5de9 | 0ce3 3b07 | f4f4 f4f4 | f4f4 f4f4 | f4f4 f4f4 
[Stub Code]
  0x0000028258376900: ;   {no_reloc}
  0x0000028258376900: 0f1f 4400 

  0x0000028258376904: ;   {static_stub}
  0x0000028258376904: 0048 bbc0 | da01 6a82 

  0x000002825837690c: ;   {runtime_call I2C/C2I adapters}
  0x000002825837690c: 0200 00e9 | c470 3a07 

  0x0000028258376914: ;   {static_stub}
  0x0000028258376914: 9048 bb00 | 0000 0000 

  0x000002825837691c: ;   {runtime_call}
  0x000002825837691c: 0000 00e9 | fbff ffff 

  0x0000028258376924: ;   {static_stub}
  0x0000028258376924: 9048 bb00 | 0000 0000 

  0x000002825837692c: ;   {runtime_call}
  0x000002825837692c: 0000 00e9 | fbff ffff 

  0x0000028258376934: ;   {static_stub}
  0x0000028258376934: 9048 bb20 | dc01 6a82 

  0x000002825837693c: ;   {runtime_call I2C/C2I adapters}
  0x000002825837693c: 0200 00e9 | 9470 3a07 
[Exception Handler]
  0x0000028258376944: ;   {runtime_call handle_exception_from_callee Runtime1 stub}
  0x0000028258376944: e837 e044 

  0x0000028258376948: ;   {external_word}
  0x0000028258376948: 0748 b930 | 9adf f9f9 | 7f00 0048 

  0x0000028258376954: ;   {runtime_call}
  0x0000028258376954: 83e4 f049 | ba40 2ba8 | f9f9 7f00 | 0041 ffd2 

  0x0000028258376964: ;   {section_word}
  0x0000028258376964: f449 ba65 | 6937 5882 | 0200 0041 

  0x0000028258376970: ;   {runtime_call DeoptimizationBlob}
  0x0000028258376970: 52e9 2a00 | 3b07 f4f4 
[/MachCode]


Compiled method (c1)    3460 1266   !   3       java.security.AccessController::doPrivileged (26 bytes)
 total in heap  [0x00000282583d5410,0x00000282583d5dd0] = 2496
 relocation     [0x00000282583d5568,0x00000282583d5610] = 168
 main code      [0x00000282583d5620,0x00000282583d5ac0] = 1184
 stub code      [0x00000282583d5ac0,0x00000282583d5b48] = 136
 metadata       [0x00000282583d5b48,0x00000282583d5b68] = 32
 scopes data    [0x00000282583d5b68,0x00000282583d5c38] = 208
 scopes pcs     [0x00000282583d5c38,0x00000282583d5d38] = 256
 dependencies   [0x00000282583d5d38,0x00000282583d5d48] = 16
 handler table  [0x00000282583d5d48,0x00000282583d5db8] = 112
 nul chk table  [0x00000282583d5db8,0x00000282583d5dd0] = 24

[Constant Pool (empty)]

[MachCode]
[Verified Entry Point]
  # {method} {0x000002826a030c00} 'doPrivileged' '(Ljava/security/PrivilegedExceptionAction;Ljava/security/AccessControlContext;)Ljava/lang/Object;' in 'java/security/AccessController'
  # parm0:    rdx:rdx   = 'java/security/PrivilegedExceptionAction'
  # parm1:    r8:r8     = 'java/security/AccessControlContext'
  #           [sp+0x80]  (sp of caller)
  0x00000282583d5620: 8984 2400 | 90ff ff55 | 4883 ec70 

  0x00000282583d562c: ;   {metadata(method data for {method} {0x000002826a030c00} 'doPrivileged' '(Ljava/security/PrivilegedExceptionAction;Ljava/security/AccessControlContext;)Ljava/lang/Object;' in 'java/security/AccessController')}
  0x00000282583d562c: 48be 48cd | 9b6a 8202 | 0000 8bbe | cc00 0000 | 83c7 0289 | becc 0000 | 0081 e7fe | 0700 0083 
  0x00000282583d564c: ff00 0f84 | 4203 0000 | 4c89 4424 | 4048 8954 

  0x00000282583d565c: ;   {metadata(method data for {method} {0x000002826a030c00} 'doPrivileged' '(Ljava/security/PrivilegedExceptionAction;Ljava/security/AccessControlContext;)Ljava/lang/Object;' in 'java/security/AccessController')}
  0x00000282583d565c: 2448 48be | 48cd 9b6a | 8202 0000 | 4883 8610 | 0100 0001 | 0f1f 8000 

  0x00000282583d5674: ;   {static_call}
  0x00000282583d5674: 0000 00e8 

  0x00000282583d5678: ; ImmutableOopMap {[64]=Oop [72]=Oop }
                      ;*invokestatic getCallerClass {reexecute=0 rethrow=0 return_oop=0}
                      ; - java.security.AccessController::doPrivileged@0
  0x00000282583d5678: bc4d 8c07 

  0x00000282583d567c: ;   {metadata(method data for {method} {0x000002826a030c00} 'doPrivileged' '(Ljava/security/PrivilegedExceptionAction;Ljava/security/AccessControlContext;)Ljava/lang/Object;' in 'java/security/AccessController')}
  0x00000282583d567c: 48ba 48cd | 9b6a 8202 | 0000 4883 | 8220 0100 | 0001 488b | 5424 404c | 8bc0 4889 | 4424 500f 
  0x00000282583d569c: ;   {static_call}
  0x00000282583d569c: 1f40 00e8 

  0x00000282583d56a0: ; ImmutableOopMap {[72]=Oop [80]=Oop }
                      ;*invokestatic checkContext {reexecute=0 rethrow=0 return_oop=0}
                      ; - java.security.AccessController::doPrivileged@6
  0x00000282583d56a0: 3104 0000 | 4889 4424 

  0x00000282583d56a8: ;   {metadata(method data for {method} {0x000002826a030c00} 'doPrivileged' '(Ljava/security/PrivilegedExceptionAction;Ljava/security/AccessControlContext;)Ljava/lang/Object;' in 'java/security/AccessController')}
  0x00000282583d56a8: 5848 ba48 | cd9b 6a82 | 0200 0048 | 8382 3001 

  0x00000282583d56b8: ;   {metadata(method data for {method} {0x000002826a030fe8} 'executePrivileged' '(Ljava/security/PrivilegedExceptionAction;Ljava/security/AccessControlContext;Ljava/lang/Class;)Ljava/lang/Object;' in 'java/security/AccessController')}
  0x00000282583d56b8: 0000 0148 | ba00 379b | 6a82 0200 | 008b b2cc | 0000 0083 | c602 89b2 | cc00 0000 | 81e6 feff 
  0x00000282583d56d8: 1f00 83fe | 000f 84d4 | 0200 0048 

  0x00000282583d56e4: ;   {metadata(method data for {method} {0x000002826a030fe8} 'executePrivileged' '(Ljava/security/PrivilegedExceptionAction;Ljava/security/AccessControlContext;Ljava/lang/Class;)Ljava/lang/Object;' in 'java/security/AccessController')}
  0x00000282583d56e4: 83f8 0048 | ba00 379b | 6a82 0200 | 0048 be10 | 0100 0000 | 0000 000f | 840a 0000 | 0048 be20 
  0x00000282583d5704: 0100 0000 | 0000 0048 | 8b3c 3248 | 8d7f 0148 | 893c 320f | 841f 0000 

  0x00000282583d571c: ;   {metadata(method data for {method} {0x000002826a030fe8} 'executePrivileged' '(Ljava/security/PrivilegedExceptionAction;Ljava/security/AccessControlContext;Ljava/lang/Class;)Ljava/lang/Object;' in 'java/security/AccessController')}
  0x00000282583d571c: 0048 ba00 | 379b 6a82 | 0200 0048 | 8382 3001 | 0000 0148 | 8bd0 0f1f 

  0x00000282583d5734: ;   {static_call}
  0x00000282583d5734: 4400 00e8 

  0x00000282583d5738: ; ImmutableOopMap {[72]=Oop [80]=Oop [88]=Oop }
                      ;*invokestatic ensureMaterializedForStackWalk {reexecute=0 rethrow=0 return_oop=0}
                      ; - java.security.AccessController::executePrivileged@5
                      ; - java.security.AccessController::doPrivileged@13
  0x00000282583d5738: fc5a 9007 

  0x00000282583d573c: ;   {metadata(method data for {method} {0x000002826a030fe8} 'executePrivileged' '(Ljava/security/PrivilegedExceptionAction;Ljava/security/AccessControlContext;Ljava/lang/Class;)Ljava/lang/Object;' in 'java/security/AccessController')}
  0x00000282583d573c: 48ba 0037 | 9b6a 8202 | 0000 ff82 | 4001 0000 | 488b 5424 | 4848 3b02 

  0x00000282583d5754: ;   {metadata(method data for {method} {0x000002826a030fe8} 'executePrivileged' '(Ljava/security/PrivilegedExceptionAction;Ljava/security/AccessControlContext;Ljava/lang/Class;)Ljava/lang/Object;' in 'java/security/AccessController')}
  0x00000282583d5754: 488b f248 | bf00 379b | 6a82 0200 | 008b 7608 | 48c1 e603 | 483b b7b0 | 0100 0075 | 0d48 8387 
  0x00000282583d5774: b801 0000 | 01e9 6600 | 0000 483b | b7c0 0100 | 0075 0d48 | 8387 c801 | 0000 01e9 | 5000 0000 
  0x00000282583d5794: 4881 bfb0 | 0100 0000 | 0000 0075 | 1748 89b7 | b001 0000 | 48c7 87b8 | 0100 0001 | 0000 00e9 
  0x00000282583d57b4: 2c00 0000 | 4881 bfc0 | 0100 0000 | 0000 0075 | 1748 89b7 | c001 0000 | 48c7 87c8 | 0100 0001 
  0x00000282583d57d4: 0000 00e9 | 0800 0000 | 4883 87a0 | 0100 0001 | 9048 b8ff | ffff ffff 

  0x00000282583d57ec: ;   {virtual_call}
  0x00000282583d57ec: ffff ffe8 

  0x00000282583d57f0: ; ImmutableOopMap {[80]=Oop [88]=Oop }
                      ;*invokeinterface run {reexecute=0 rethrow=0 return_oop=0}
                      ; - java.security.AccessController::executePrivileged@29
                      ; - java.security.AccessController::doPrivileged@13
  0x00000282583d57f0: 6c97 3407 

  0x00000282583d57f4: ;   {metadata(method data for {method} {0x000002826a030fe8} 'executePrivileged' '(Ljava/security/PrivilegedExceptionAction;Ljava/security/AccessControlContext;Ljava/lang/Class;)Ljava/lang/Object;' in 'java/security/AccessController')}
  0x00000282583d57f4: 48ba 0037 | 9b6a 8202 | 0000 ff82 | d801 0000 | 488b 5424 

  0x00000282583d5808: ;   {metadata(method data for {method} {0x000002826a030fe8} 'executePrivileged' '(Ljava/security/PrivilegedExceptionAction;Ljava/security/AccessControlContext;Ljava/lang/Class;)Ljava/lang/Object;' in 'java/security/AccessController')}
  0x00000282583d5808: 5048 be00 | 379b 6a82 | 0200 0048 | 8386 3802 

  0x00000282583d5818: ;   {metadata(method data for {method} {0x000002826a035da8} 'reachabilityFence' '(Ljava/lang/Object;)V' in 'java/lang/ref/Reference')}
  0x00000282583d5818: 0000 0148 | be70 595e | 6a82 0200 | 008b becc | 0000 0083 | c702 89be | cc00 0000 | 81e7 feff 
  0x00000282583d5838: 1f00 83ff | 000f 849a 

  0x00000282583d5840: ;   {metadata(method data for {method} {0x000002826a030fe8} 'executePrivileged' '(Ljava/security/PrivilegedExceptionAction;Ljava/security/AccessControlContext;Ljava/lang/Class;)Ljava/lang/Object;' in 'java/security/AccessController')}
  0x00000282583d5840: 0100 0048 | ba00 379b | 6a82 0200 | 0048 8382 | 4802 0000 

  0x00000282583d5854: ;   {metadata(method data for {method} {0x000002826a035da8} 'reachabilityFence' '(Ljava/lang/Object;)V' in 'java/lang/ref/Reference')}
  0x00000282583d5854: 0148 ba70 | 595e 6a82 | 0200 008b | b2cc 0000 | 0083 c602 | 89b2 cc00 | 0000 81e6 | feff 1f00 
  0x00000282583d5874: 83fe 000f | 8481 0100 | 0048 83c4 

  0x00000282583d5880: ;   {poll_return}
  0x00000282583d5880: 705d 493b | a750 0300 | 000f 8790 | 0100 00c3 | 498b 87e0 | 0300 004d | 33d2 4d89 | 97e0 0300 
  0x00000282583d58a0: 004d 33d2 | 4d89 97e8 | 0300 004c 

  0x00000282583d58ac: ;   {metadata(method data for {method} {0x000002826a030c00} 'doPrivileged' '(Ljava/security/PrivilegedExceptionAction;Ljava/security/AccessControlContext;)Ljava/lang/Object;' in 'java/security/AccessController')}
  0x00000282583d58ac: 8bc0 48ba | 48cd 9b6a | 8202 0000 | 4883 8240 | 0100 0001 

  0x00000282583d58c0: ;   {metadata(method data for {method} {0x000002826a0310a0} 'wrapException' '(Ljava/lang/Exception;)Ljava/security/PrivilegedActionException;' in 'java/security/AccessController')}
  0x00000282583d58c0: 48ba 602b | b56a 8202 | 0000 8bb2 | cc00 0000 | 83c6 0289 | b2cc 0000 | 0081 e6fe | ff1f 0083 
  0x00000282583d58e0: fe00 0f84 | 4d01 0000 

  0x00000282583d58e8: ;   {no_reloc}
  0x00000282583d58e8: e978 0100 | 0000 0000 | 0000 80ba | 3301 0000 | 040f 8575 | 0100 0049 | 8b87 0801 | 0000 488d 
  0x00000282583d5908: 7828 493b | bf18 0100 | 000f 875d | 0100 0049 | 89bf 0801 | 0000 48c7 | 0001 0000 | 0048 8bca 
  0x00000282583d5928: 48c1 e903 | 8948 0848 | 33c9 8948 | 0c48 33c9 | 4889 4810 | 4889 4818 | 4889 4820 

  0x00000282583d5944: ;   {metadata(method data for {method} {0x000002826a0310a0} 'wrapException' '(Ljava/lang/Exception;)Ljava/security/PrivilegedActionException;' in 'java/security/AccessController')}
  0x00000282583d5944: 488b d048 | be60 2bb5 | 6a82 0200 | 0048 8386 | 1001 0000 | 0148 8bd0 | 4889 4424 | 6066 0f1f 
  0x00000282583d5964: ;   {optimized virtual_call}
  0x00000282583d5964: 4400 00e8 

  0x00000282583d5968: ; ImmutableOopMap {[96]=Oop }
                      ;*invokespecial <init> {reexecute=0 rethrow=0 return_oop=0}
                      ; - java.security.AccessController::wrapException@5
                      ; - java.security.AccessController::doPrivileged@22
  0x00000282583d5968: 14b7 3407 | 488b 4424 | 60e9 2a01 | 0000 498b | 87e0 0300 | 004d 33d2 | 4d89 97e0 | 0300 004d 
  0x00000282583d5988: 33d2 4d89 | 97e8 0300 | 00e9 0a01 

  0x00000282583d5994: ;   {metadata({method} {0x000002826a030c00} 'doPrivileged' '(Ljava/security/PrivilegedExceptionAction;Ljava/security/AccessControlContext;)Ljava/lang/Object;' in 'java/security/AccessController')}
  0x00000282583d5994: 0000 49ba | f80b 036a | 8202 0000 | 4c89 5424 | 0848 c704 | 24ff ffff 

  0x00000282583d59ac: ;   {runtime_call counter_overflow Runtime1 stub}
  0x00000282583d59ac: ffe8 ce22 

  0x00000282583d59b0: ; ImmutableOopMap {rdx=Oop r8=Oop }
                      ;*synchronization entry
                      ; - java.security.AccessController::doPrivileged@-1
  0x00000282583d59b0: 3f07 e99d 

  0x00000282583d59b4: ;   {metadata({method} {0x000002826a030fe8} 'executePrivileged' '(Ljava/security/PrivilegedExceptionAction;Ljava/security/AccessControlContext;Ljava/lang/Class;)Ljava/lang/Object;' in 'java/security/AccessController')}
  0x00000282583d59b4: fcff ff49 | bae0 0f03 | 6a82 0200 | 004c 8954 | 2408 48c7 | 0424 ffff 

  0x00000282583d59cc: ;   {runtime_call counter_overflow Runtime1 stub}
  0x00000282583d59cc: ffff e8ad 

  0x00000282583d59d0: ; ImmutableOopMap {[72]=Oop [80]=Oop rax=Oop [88]=Oop }
                      ;*synchronization entry
                      ; - java.security.AccessController::executePrivileged@-1
                      ; - java.security.AccessController::doPrivileged@13
  0x00000282583d59d0: 223f 07e9 | 0bfd ffff 

  0x00000282583d59d8: ;   {runtime_call throw_null_pointer_exception Runtime1 stub}
  0x00000282583d59d8: e8c3 d13e 

  0x00000282583d59dc: ; ImmutableOopMap {[80]=Oop rdx=Oop [88]=Oop }
                      ;*invokeinterface run {reexecute=0 rethrow=0 return_oop=0}
                      ; - java.security.AccessController::executePrivileged@29
                      ; - java.security.AccessController::doPrivileged@13
                      ;   {metadata({method} {0x000002826a035da8} 'reachabilityFence' '(Ljava/lang/Object;)V' in 'java/lang/ref/Reference')}
  0x00000282583d59dc: 0749 baa0 | 5d03 6a82 | 0200 004c | 8954 2408 | 48c7 0424 | ffff ffff 

  0x00000282583d59f4: ;   {runtime_call counter_overflow Runtime1 stub}
  0x00000282583d59f4: e887 223f 

  0x00000282583d59f8: ; ImmutableOopMap {rax=Oop rdx=Oop }
                      ;*synchronization entry
                      ; - java.lang.ref.Reference::reachabilityFence@-1
                      ; - java.security.AccessController::executePrivileged@56
                      ; - java.security.AccessController::doPrivileged@13
  0x00000282583d59f8: 07e9 45fe 

  0x00000282583d59fc: ;   {metadata({method} {0x000002826a035da8} 'reachabilityFence' '(Ljava/lang/Object;)V' in 'java/lang/ref/Reference')}
  0x00000282583d59fc: ffff 49ba | a05d 036a | 8202 0000 | 4c89 5424 | 0848 c704 | 24ff ffff 

  0x00000282583d5a14: ;   {runtime_call counter_overflow Runtime1 stub}
  0x00000282583d5a14: ffe8 6622 

  0x00000282583d5a18: ; ImmutableOopMap {rax=Oop }
                      ;*synchronization entry
                      ; - java.lang.ref.Reference::reachabilityFence@-1
                      ; - java.security.AccessController::executePrivileged@60
                      ; - java.security.AccessController::doPrivileged@13
  0x00000282583d5a18: 3f07 e95e 

  0x00000282583d5a1c: ;   {internal_word}
  0x00000282583d5a1c: feff ff49 | ba82 583d | 5882 0200 | 004d 8997 | 6803 0000 

  0x00000282583d5a30: ;   {runtime_call SafepointBlob}
  0x00000282583d5a30: e9cb 1c35 

  0x00000282583d5a34: ;   {metadata({method} {0x000002826a0310a0} 'wrapException' '(Ljava/lang/Exception;)Ljava/security/PrivilegedActionException;' in 'java/security/AccessController')}
  0x00000282583d5a34: 0749 ba98 | 1003 6a82 | 0200 004c | 8954 2408 | 48c7 0424 | ffff ffff 

  0x00000282583d5a4c: ;   {runtime_call counter_overflow Runtime1 stub}
  0x00000282583d5a4c: e82f 223f 

  0x00000282583d5a50: ; ImmutableOopMap {r8=Oop }
                      ;*synchronization entry
                      ; - java.security.AccessController::wrapException@-1
                      ; - java.security.AccessController::doPrivileged@22
  0x00000282583d5a50: 07e9 92fe 

  0x00000282583d5a54: ;   {metadata(NULL)}
  0x00000282583d5a54: ffff 48ba | 0000 0000 | 0000 0000 | b800 0f05 

  0x00000282583d5a64: ;   {runtime_call load_klass_patching Runtime1 stub}
  0x00000282583d5a64: 0ae8 9611 

  0x00000282583d5a68: ; ImmutableOopMap {r8=Oop }
                      ;*new {reexecute=1 rethrow=0 return_oop=0}
                      ; - (reexecute) java.security.AccessController::wrapException@0
                      ; - java.security.AccessController::doPrivileged@22
  0x00000282583d5a68: 3f07 e979 

  0x00000282583d5a6c: ;   {runtime_call throw_null_pointer_exception Runtime1 stub}
  0x00000282583d5a6c: feff ffe8 

  0x00000282583d5a70: ; ImmutableOopMap {r8=Oop }
                      ;*new {reexecute=0 rethrow=0 return_oop=0}
                      ; - java.security.AccessController::wrapException@0
                      ; - java.security.AccessController::doPrivileged@22
  0x00000282583d5a70: 2cd1 3e07 

  0x00000282583d5a74: ;   {runtime_call fast_new_instance_init_check Runtime1 stub}
  0x00000282583d5a74: 488b d2e8 

  0x00000282583d5a78: ; ImmutableOopMap {r8=Oop }
                      ;*new {reexecute=0 rethrow=0 return_oop=0}
                      ; - java.security.AccessController::wrapException@0
                      ; - java.security.AccessController::doPrivileged@22
  0x00000282583d5a78: 04dd 3e07 | e9c3 feff | ff90 9049 | 8b87 e003 | 0000 49c7 | 87e0 0300 | 0000 0000 | 0049 c787 
  0x00000282583d5a98: e803 0000 | 0000 0000 | 4883 c470 

  0x00000282583d5aa4: ;   {runtime_call unwind_exception Runtime1 stub}
  0x00000282583d5aa4: 5de9 56f1 | 3507 f4f4 | f4f4 f4f4 | f4f4 f4f4 | f4f4 f4f4 | f4f4 f4f4 | f4f4 f4f4 
[Stub Code]
  0x00000282583d5ac0: ;   {no_reloc}
  0x00000282583d5ac0: 0f1f 4400 

  0x00000282583d5ac4: ;   {static_stub}
  0x00000282583d5ac4: 0048 bb00 | 0000 0000 

  0x00000282583d5acc: ;   {runtime_call}
  0x00000282583d5acc: 0000 00e9 | fbff ffff 

  0x00000282583d5ad4: ;   {static_stub}
  0x00000282583d5ad4: 9048 bbc8 | 0c03 6a82 

  0x00000282583d5adc: ;   {runtime_call I2C/C2I adapters}
  0x00000282583d5adc: 0200 00e9 | 7008 3507 

  0x00000282583d5ae4: ;   {static_stub}
  0x00000282583d5ae4: 9048 bb00 | 0000 0000 

  0x00000282583d5aec: ;   {runtime_call}
  0x00000282583d5aec: 0000 00e9 | fbff ffff 

  0x00000282583d5af4: ;   {static_stub}
  0x00000282583d5af4: 9048 bb00 | 0000 0000 

  0x00000282583d5afc: ;   {runtime_call}
  0x00000282583d5afc: 0000 00e9 | fbff ffff 

  0x00000282583d5b04: ;   {static_stub}
  0x00000282583d5b04: 9048 bb00 | 0000 0000 

  0x00000282583d5b0c: ;   {runtime_call}
  0x00000282583d5b0c: 0000 00e9 | fbff ffff 
[Exception Handler]
  0x00000282583d5b14: ;   {runtime_call handle_exception_from_callee Runtime1 stub}
  0x00000282583d5b14: e867 ee3e 

  0x00000282583d5b18: ;   {external_word}
  0x00000282583d5b18: 0748 b930 | 9adf f9f9 | 7f00 0048 

  0x00000282583d5b24: ;   {runtime_call}
  0x00000282583d5b24: 83e4 f049 | ba40 2ba8 | f9f9 7f00 | 0041 ffd2 

  0x00000282583d5b34: ;   {section_word}
  0x00000282583d5b34: f449 ba35 | 5b3d 5882 | 0200 0041 

  0x00000282583d5b40: ;   {runtime_call DeoptimizationBlob}
  0x00000282583d5b40: 52e9 5a0e | 3507 f4f4 
[/MachCode]


---------------  P R O C E S S  ---------------

Threads class SMR info:
_java_thread_list=0x000002826f9e89a0, length=13, elements={
0x000002825551ff20, 0x000002826e497030, 0x000002826e498320, 0x0000028269397f10,
0x0000028269398ba0, 0x000002826939d850, 0x000002826939e120, 0x000002826e4b6330,
0x000002826e4d2ae0, 0x000002826e4e3b70, 0x000002826e5be470, 0x000002826e838990,
0x000002826f9ae650
}

Java Threads: ( => current thread )
=>0x000002825551ff20 JavaThread "main" [_thread_in_vm, id=19012, stack(0x0000009eb0200000,0x0000009eb0300000)]
  0x000002826e497030 JavaThread "Reference Handler" daemon [_thread_blocked, id=18808, stack(0x0000009eb0500000,0x0000009eb0600000)]
  0x000002826e498320 JavaThread "Finalizer" daemon [_thread_blocked, id=23404, stack(0x0000009eb0600000,0x0000009eb0700000)]
  0x0000028269397f10 JavaThread "Signal Dispatcher" daemon [_thread_blocked, id=9040, stack(0x0000009eb0700000,0x0000009eb0800000)]
  0x0000028269398ba0 JavaThread "Attach Listener" daemon [_thread_blocked, id=12728, stack(0x0000009eb0800000,0x0000009eb0900000)]
  0x000002826939d850 JavaThread "Service Thread" daemon [_thread_blocked, id=9588, stack(0x0000009eb0900000,0x0000009eb0a00000)]
  0x000002826939e120 JavaThread "Monitor Deflation Thread" daemon [_thread_blocked, id=2348, stack(0x0000009eb0a00000,0x0000009eb0b00000)]
  0x000002826e4b6330 JavaThread "C2 CompilerThread0" daemon [_thread_blocked, id=6276, stack(0x0000009eb0b00000,0x0000009eb0c00000)]
  0x000002826e4d2ae0 JavaThread "C1 CompilerThread0" daemon [_thread_blocked, id=2684, stack(0x0000009eb0c00000,0x0000009eb0d00000)]
  0x000002826e4e3b70 JavaThread "Sweeper thread" daemon [_thread_blocked, id=14916, stack(0x0000009eb0d00000,0x0000009eb0e00000)]
  0x000002826e5be470 JavaThread "Common-Cleaner" daemon [_thread_blocked, id=14444, stack(0x0000009eb0e00000,0x0000009eb0f00000)]
  0x000002826e838990 JavaThread "Notification Thread" daemon [_thread_blocked, id=17412, stack(0x0000009eb0f00000,0x0000009eb1000000)]
  0x000002826f9ae650 JavaThread "Active Thread: Equinox Container: 1afa5da1-02bd-469e-9d53-ca22017ee08e" [_thread_blocked, id=13192, stack(0x0000009eb1700000,0x0000009eb1800000)]

Other Threads:
  0x00000282555be7f0 VMThread "VM Thread" [stack: 0x0000009eb0400000,0x0000009eb0500000] [id=14272]
  0x000002826e838e70 WatcherThread [stack: 0x0000009eb1000000,0x0000009eb1100000] [id=22184]
  0x00000282555353d0 GCTaskThread "GC Thread#0" [stack: 0x0000009eb0300000,0x0000009eb0400000] [id=11248]
  0x000002826f9ecd80 GCTaskThread "GC Thread#1" [stack: 0x0000009eb1100000,0x0000009eb1200000] [id=6564]
  0x000002826f983030 GCTaskThread "GC Thread#2" [stack: 0x0000009eb1200000,0x0000009eb1300000] [id=4752]
  0x000002826fae7670 GCTaskThread "GC Thread#3" [stack: 0x0000009eb1300000,0x0000009eb1400000] [id=2116]
  0x000002826f9d2790 GCTaskThread "GC Thread#4" [stack: 0x0000009eb1400000,0x0000009eb1500000] [id=9180]
  0x000002827006ab30 GCTaskThread "GC Thread#5" [stack: 0x0000009eb1500000,0x0000009eb1600000] [id=19356]
  0x000002826f9d2a50 GCTaskThread "GC Thread#6" [stack: 0x0000009eb1600000,0x0000009eb1700000] [id=17664]

Threads with active compile tasks:

VM state: not at safepoint (normal execution)

VM Mutex/Monitor currently owned by a thread:  ([mutex/lock_event])
[0x00000282533c6820] Metaspace_lock - owner thread: 0x000002825551ff20

Heap address: 0x00000000c0000000, size: 1024 MB, Compressed Oops mode: 32-bit

CDS archive(s) not mapped
Compressed class space mapped at: 0x0000000100000000-0x0000000140000000, reserved size: 1073741824
Narrow klass base: 0x0000000000000000, Narrow klass shift: 3, Narrow klass range: 0x140000000

GC Precious Log:
 CPUs: 8 total, 8 available
 Memory: 8002M
 Large Page Support: Disabled
 NUMA Support: Disabled
 Compressed Oops: Enabled (32-bit)
 Alignments: Space 512K, Generation 512K, Heap 2M
 Heap Min Capacity: 100M
 Heap Initial Capacity: 100M
 Heap Max Capacity: 1G
 Pre-touch: Disabled
 Parallel Workers: 8

Heap:
 PSYoungGen      total 29696K, used 21030K [0x00000000eab00000, 0x00000000ecc00000, 0x0000000100000000)
  eden space 25600K, 69% used [0x00000000eab00000,0x00000000ebc76420,0x00000000ec400000)
  from space 4096K, 76% used [0x00000000ec400000,0x00000000ec7136f0,0x00000000ec800000)
  to   space 4096K, 0% used [0x00000000ec800000,0x00000000ec800000,0x00000000ecc00000)
 ParOldGen       total 68608K, used 16K [0x00000000c0000000, 0x00000000c4300000, 0x00000000eab00000)
  object space 68608K, 0% used [0x00000000c0000000,0x00000000c0004000,0x00000000c4300000)
 Metaspace       used 13504K, committed 13696K, reserved 1114112K
  class space    used 1336K, committed 1472K, reserved 1048576K

Card table byte_map: [0x0000028254ea0000,0x00000282550b0000] _byte_map_base: 0x00000282548a0000

Marking Bits: (ParMarkBitMap*) 0x00007ff9fa06d820
 Begin Bits: [0x00000282671a0000, 0x00000282681a0000)
 End Bits:   [0x00000282681a0000, 0x00000282691a0000)

Polling page: 0x0000028253340000

Metaspace:

Usage:
  Non-class:     11.88 MB used.
      Class:      1.31 MB used.
       Both:     13.19 MB used.

Virtual space:
  Non-class space:       64.00 MB reserved,      11.94 MB ( 19%) committed,  1 nodes.
      Class space:        1.00 GB reserved,       1.44 MB ( <1%) committed,  1 nodes.
             Both:        1.06 GB reserved,      13.38 MB (  1%) committed. 

Chunk freelists:
   Non-Class:  3.48 MB
       Class:  14.50 MB
        Both:  17.98 MB

MaxMetaspaceSize: unlimited
CompressedClassSpaceSize: 1.00 GB
Initial GC threshold: 21.00 MB
Current GC threshold: 21.00 MB
CDS: off
MetaspaceReclaimPolicy: balanced
 - commit_granule_bytes: 65536.
 - commit_granule_words: 8192.
 - virtual_space_node_default_size: 8388608.
 - enlarge_chunks_in_place: 1.
 - new_chunks_are_fully_committed: 0.
 - uncommit_free_chunks: 1.
 - use_allocation_guard: 0.
 - handle_deallocations: 1.


Internal statistics:

num_allocs_failed_limit: 0.
num_arena_births: 54.
num_arena_deaths: 0.
num_vsnodes_births: 2.
num_vsnodes_deaths: 0.
num_space_committed: 214.
num_space_uncommitted: 0.
num_chunks_returned_to_freelist: 0.
num_chunks_taken_from_freelist: 207.
num_chunk_merges: 0.
num_chunk_splits: 142.
num_chunks_enlarged: 116.
num_inconsistent_stats: 0.

CodeHeap 'non-profiled nmethods': size=120000Kb used=502Kb max_used=502Kb free=119498Kb
 bounds [0x000002825fc70000, 0x000002825fee0000, 0x00000282671a0000]
CodeHeap 'profiled nmethods': size=120000Kb used=2448Kb max_used=2448Kb free=117552Kb
 bounds [0x00000282581a0000, 0x0000028258410000, 0x000002825f6d0000]
CodeHeap 'non-nmethods': size=5760Kb used=1151Kb max_used=1175Kb free=4608Kb
 bounds [0x000002825f6d0000, 0x000002825f940000, 0x000002825fc70000]
 total_blobs=1798 nmethods=1353 adapters=359
 compilation: enabled
              stopped_count=0, restarted_count=0
 full_count=0

Compilation events (20 events):
Event: 3.280 Thread 0x000002826e4d2ae0 1346       3       jdk.internal.util.ArraysSupport::vectorizedMismatch (268 bytes)
Event: 3.281 Thread 0x000002826e4d2ae0 nmethod 1346 0x0000028258400a90 code [0x0000028258400c60, 0x00000282584010b8]
Event: 3.281 Thread 0x000002826e4d2ae0 1347       3       java.lang.ThreadLocal::getMap (5 bytes)
Event: 3.281 Thread 0x000002826e4d2ae0 nmethod 1347 0x0000028258401210 code [0x00000282584013a0, 0x00000282584014b8]
Event: 3.281 Thread 0x000002826e4d2ae0 1350       3       jdk.internal.util.ArraysSupport::mismatch (73 bytes)
Event: 3.282 Thread 0x000002826e4d2ae0 nmethod 1350 0x0000028258401590 code [0x0000028258401760, 0x0000028258401b78]
Event: 3.284 Thread 0x000002826e4b6330 nmethod 1075 0x000002825fcea590 code [0x000002825fcea720, 0x000002825fceac18]
Event: 3.284 Thread 0x000002826e4b6330 1345       4       sun.security.util.ManifestDigester::findSection (181 bytes)
Event: 3.286 Thread 0x000002826e4d2ae0 1351       3       java.math.BigInteger::implSquareToLen (154 bytes)
Event: 3.287 Thread 0x000002826e4d2ae0 nmethod 1351 0x0000028258401d90 code [0x0000028258401f80, 0x0000028258402428]
Event: 3.287 Thread 0x000002826e4d2ae0 1354       3       java.math.MutableBigInteger::divWord (108 bytes)
Event: 3.288 Thread 0x000002826e4d2ae0 nmethod 1354 0x0000028258402790 code [0x0000028258402940, 0x0000028258402cb8]
Event: 3.288 Thread 0x000002826e4d2ae0 1355       3       java.math.BigInteger::shiftLeftImplWorker (43 bytes)
Event: 3.288 Thread 0x000002826e4d2ae0 nmethod 1355 0x0000028258402e10 code [0x0000028258402fc0, 0x00000282584031f8]
Event: 3.290 Thread 0x000002826e4b6330 nmethod 1345 0x000002825fceae90 code [0x000002825fceb020, 0x000002825fceb2f8]
Event: 3.290 Thread 0x000002826e4b6330 1353 %     4       sun.security.provider.SHA5::implCompress0 @ 157 (346 bytes)
Event: 3.291 Thread 0x000002826e4d2ae0 1356       3       java.math.BigInteger::bitLength (140 bytes)
Event: 3.292 Thread 0x000002826e4d2ae0 nmethod 1356 0x0000028258403390 code [0x0000028258403580, 0x0000028258403ad8]
Event: 3.293 Thread 0x000002826e4d2ae0 1357       3       jdk.internal.reflect.ReflectionFactory::inflationThreshold (4 bytes)
Event: 3.293 Thread 0x000002826e4d2ae0 nmethod 1357 0x0000028258403d10 code [0x0000028258403ea0, 0x0000028258403f98]

GC Heap History (2 events):
Event: 2.257 GC heap before
{Heap before GC invocations=1 (full 0):
 PSYoungGen      total 29696K, used 25600K [0x00000000eab00000, 0x00000000ecc00000, 0x0000000100000000)
  eden space 25600K, 100% used [0x00000000eab00000,0x00000000ec400000,0x00000000ec400000)
  from space 4096K, 0% used [0x00000000ec800000,0x00000000ec800000,0x00000000ecc00000)
  to   space 4096K, 0% used [0x00000000ec400000,0x00000000ec400000,0x00000000ec800000)
 ParOldGen       total 68608K, used 0K [0x00000000c0000000, 0x00000000c4300000, 0x00000000eab00000)
  object space 68608K, 0% used [0x00000000c0000000,0x00000000c0000000,0x00000000c4300000)
 Metaspace       used 10992K, committed 11200K, reserved 1114112K
  class space    used 1096K, committed 1216K, reserved 1048576K
}
Event: 2.283 GC heap after
{Heap after GC invocations=1 (full 0):
 PSYoungGen      total 29696K, used 3149K [0x00000000eab00000, 0x00000000ecc00000, 0x0000000100000000)
  eden space 25600K, 0% used [0x00000000eab00000,0x00000000eab00000,0x00000000ec400000)
  from space 4096K, 76% used [0x00000000ec400000,0x00000000ec7136f0,0x00000000ec800000)
  to   space 4096K, 0% used [0x00000000ec800000,0x00000000ec800000,0x00000000ecc00000)
 ParOldGen       total 68608K, used 16K [0x00000000c0000000, 0x00000000c4300000, 0x00000000eab00000)
  object space 68608K, 0% used [0x00000000c0000000,0x00000000c0004000,0x00000000c4300000)
 Metaspace       used 10992K, committed 11200K, reserved 1114112K
  class space    used 1096K, committed 1216K, reserved 1048576K
}

Dll operation events (8 events):
Event: 0.034 Loaded shared library c:\Users\TRETEC\.vscode\extensions\redhat.java-1.31.0-win32-x64\jre\17.0.11-win32-x86_64\bin\java.dll
Event: 0.604 Loaded shared library c:\Users\TRETEC\.vscode\extensions\redhat.java-1.31.0-win32-x64\jre\17.0.11-win32-x86_64\bin\zip.dll
Event: 0.610 Loaded shared library C:\Users\TRETEC\.vscode\extensions\redhat.java-1.31.0-win32-x64\jre\17.0.11-win32-x86_64\bin\instrument.dll
Event: 0.694 Loaded shared library C:\Users\TRETEC\.vscode\extensions\redhat.java-1.31.0-win32-x64\jre\17.0.11-win32-x86_64\bin\net.dll
Event: 0.701 Loaded shared library C:\Users\TRETEC\.vscode\extensions\redhat.java-1.31.0-win32-x64\jre\17.0.11-win32-x86_64\bin\nio.dll
Event: 0.754 Loaded shared library C:\Users\TRETEC\.vscode\extensions\redhat.java-1.31.0-win32-x64\jre\17.0.11-win32-x86_64\bin\zip.dll
Event: 0.817 Loaded shared library C:\Users\TRETEC\.vscode\extensions\redhat.java-1.31.0-win32-x64\jre\17.0.11-win32-x86_64\bin\jimage.dll
Event: 1.005 Loaded shared library c:\Users\TRETEC\.vscode\extensions\redhat.java-1.31.0-win32-x64\jre\17.0.11-win32-x86_64\bin\verify.dll

Deoptimization events (20 events):
Event: 2.655 Thread 0x000002825551ff20 Uncommon trap: trap_request=0xffffffc6 fr.pc=0x000002825fc9c560 relative=0x00000000000002c0
Event: 2.655 Thread 0x000002825551ff20 Uncommon trap: reason=bimorphic_or_optimized_type_check action=maybe_recompile pc=0x000002825fc9c560 method=java.util.Collections$UnmodifiableCollection$1.next()Ljava/lang/Object; @ 4 c2
Event: 2.655 Thread 0x000002825551ff20 DEOPT PACKING pc=0x000002825fc9c560 sp=0x0000009eb02f7b50
Event: 2.655 Thread 0x000002825551ff20 DEOPT UNPACKING pc=0x000002825f7266a3 sp=0x0000009eb02f7b00 mode 2
Event: 2.655 Thread 0x000002825551ff20 Uncommon trap: trap_request=0xffffffc6 fr.pc=0x000002825fc9c560 relative=0x00000000000002c0
Event: 2.655 Thread 0x000002825551ff20 Uncommon trap: reason=bimorphic_or_optimized_type_check action=maybe_recompile pc=0x000002825fc9c560 method=java.util.Collections$UnmodifiableCollection$1.next()Ljava/lang/Object; @ 4 c2
Event: 2.655 Thread 0x000002825551ff20 DEOPT PACKING pc=0x000002825fc9c560 sp=0x0000009eb02f7b50
Event: 2.655 Thread 0x000002825551ff20 DEOPT UNPACKING pc=0x000002825f7266a3 sp=0x0000009eb02f7b00 mode 2
Event: 2.692 Thread 0x000002825551ff20 DEOPT PACKING pc=0x00000282582159c5 sp=0x0000009eb02f68e0
Event: 2.692 Thread 0x000002825551ff20 DEOPT UNPACKING pc=0x000002825f726e43 sp=0x0000009eb02f5d90 mode 0
Event: 3.196 Thread 0x000002825551ff20 Uncommon trap: trap_request=0xffffffde fr.pc=0x000002825fcc5fc4 relative=0x00000000000009a4
Event: 3.196 Thread 0x000002825551ff20 Uncommon trap: reason=class_check action=maybe_recompile pc=0x000002825fcc5fc4 method=java.util.HashMap.putVal(ILjava/lang/Object;Ljava/lang/Object;ZZ)Ljava/lang/Object; @ 253 c2
Event: 3.196 Thread 0x000002825551ff20 DEOPT PACKING pc=0x000002825fcc5fc4 sp=0x0000009eb02fd9b0
Event: 3.196 Thread 0x000002825551ff20 DEOPT UNPACKING pc=0x000002825f7266a3 sp=0x0000009eb02fd8d8 mode 2
Event: 3.218 Thread 0x000002825551ff20 Uncommon trap: trap_request=0xffffffde fr.pc=0x000002825fcc5fc4 relative=0x00000000000009a4
Event: 3.218 Thread 0x000002825551ff20 Uncommon trap: reason=class_check action=maybe_recompile pc=0x000002825fcc5fc4 method=java.util.HashMap.putVal(ILjava/lang/Object;Ljava/lang/Object;ZZ)Ljava/lang/Object; @ 253 c2
Event: 3.218 Thread 0x000002825551ff20 DEOPT PACKING pc=0x000002825fcc5fc4 sp=0x0000009eb02fd9b0
Event: 3.218 Thread 0x000002825551ff20 DEOPT UNPACKING pc=0x000002825f7266a3 sp=0x0000009eb02fd8d8 mode 2
Event: 3.279 Thread 0x000002825551ff20 DEOPT PACKING pc=0x00000282582a9200 sp=0x0000009eb02fca20
Event: 3.279 Thread 0x000002825551ff20 DEOPT UNPACKING pc=0x000002825f726e43 sp=0x0000009eb02fbe90 mode 0

Classes unloaded (0 events):
No events

Classes redefined (0 events):
No events

Internal exceptions (20 events):
Event: 0.554 Thread 0x000002825551ff20 Exception <a 'java/lang/NoSuchMethodError'{0x00000000eacb50e0}: 'void java.lang.invoke.DirectMethodHandle$Holder.invokeStatic(java.lang.Object, java.lang.Object, java.lang.Object)'> (0x00000000eacb50e0) 
thrown [s\src\hotspot\share\interpreter\linkResolver.cpp, line 759]
Event: 1.079 Thread 0x000002825551ff20 Exception <a 'java/lang/reflect/InvocationTargetException'{0x00000000eafe98a8}> (0x00000000eafe98a8) 
thrown [s\src\hotspot\share\runtime\reflection.cpp, line 1121]
Event: 1.636 Thread 0x000002825551ff20 Exception <a 'java/lang/ClassNotFoundException'{0x00000000eb86b540}: sun/net/www/protocol/c/Handler> (0x00000000eb86b540) 
thrown [s\src\hotspot\share\classfile\systemDictionary.cpp, line 256]
Event: 1.645 Thread 0x000002825551ff20 Exception <a 'java/io/FileNotFoundException'{0x00000000eb883150}> (0x00000000eb883150) 
thrown [s\src\hotspot\share\prims\jni.cpp, line 516]
Event: 1.646 Thread 0x000002825551ff20 Exception <a 'java/io/FileNotFoundException'{0x00000000eb884278}> (0x00000000eb884278) 
thrown [s\src\hotspot\share\prims\jni.cpp, line 516]
Event: 1.646 Thread 0x000002825551ff20 Exception <a 'java/io/FileNotFoundException'{0x00000000eb885398}> (0x00000000eb885398) 
thrown [s\src\hotspot\share\prims\jni.cpp, line 516]
Event: 1.647 Thread 0x000002825551ff20 Exception <a 'java/io/FileNotFoundException'{0x00000000eb886488}> (0x00000000eb886488) 
thrown [s\src\hotspot\share\prims\jni.cpp, line 516]
Event: 1.661 Thread 0x000002825551ff20 Exception <a 'java/io/FileNotFoundException'{0x00000000eb8c1170}> (0x00000000eb8c1170) 
thrown [s\src\hotspot\share\prims\jni.cpp, line 516]
Event: 2.039 Thread 0x000002825551ff20 Exception <a 'java/lang/ClassNotFoundException'{0x00000000ec0cc220}: sun/net/www/protocol/c/Handler> (0x00000000ec0cc220) 
thrown [s\src\hotspot\share\classfile\systemDictionary.cpp, line 256]
Event: 2.040 Thread 0x000002825551ff20 Exception <a 'java/lang/ClassNotFoundException'{0x00000000ec0cd568}: sun/net/www/protocol/c/Handler> (0x00000000ec0cd568) 
thrown [s\src\hotspot\share\classfile\systemDictionary.cpp, line 256]
Event: 2.040 Thread 0x000002825551ff20 Exception <a 'java/lang/ClassNotFoundException'{0x00000000ec0ce6e0}: sun/net/www/protocol/c/Handler> (0x00000000ec0ce6e0) 
thrown [s\src\hotspot\share\classfile\systemDictionary.cpp, line 256]
Event: 2.056 Thread 0x000002825551ff20 Exception <a 'java/io/FileNotFoundException'{0x00000000ec0f1e48}> (0x00000000ec0f1e48) 
thrown [s\src\hotspot\share\prims\jni.cpp, line 516]
Event: 2.239 Thread 0x000002825551ff20 Exception <a 'java/lang/NoSuchMethodError'{0x00000000ec3d06f0}: 'int java.lang.invoke.DirectMethodHandle$Holder.invokeStaticInit(java.lang.Object, java.lang.Object, java.lang.Object, java.lang.Object)'> (0x00000000ec3d06f0) 
thrown [s\src\hotspot\share\interpreter\linkResolver.cpp, line 759]
Event: 2.243 Thread 0x000002825551ff20 Exception <a 'java/lang/NoSuchMethodError'{0x00000000ec3dad60}: 'java.lang.Object java.lang.invoke.DirectMethodHandle$Holder.invokeInterface(java.lang.Object, java.lang.Object)'> (0x00000000ec3dad60) 
thrown [s\src\hotspot\share\interpreter\linkResolver.cpp, line 759]
Event: 2.243 Thread 0x000002825551ff20 Exception <a 'java/lang/IncompatibleClassChangeError'{0x00000000ec3de558}: Found class java.lang.Object, but interface was expected> (0x00000000ec3de558) 
thrown [s\src\hotspot\share\interpreter\linkResolver.cpp, line 826]
Event: 2.245 Thread 0x000002825551ff20 Exception <a 'java/lang/NoSuchMethodError'{0x00000000ec3e2a48}: 'void java.lang.invoke.DirectMethodHandle$Holder.invokeStatic(java.lang.Object, java.lang.Object)'> (0x00000000ec3e2a48) 
thrown [s\src\hotspot\share\interpreter\linkResolver.cpp, line 759]
Event: 2.246 Thread 0x000002825551ff20 Exception <a 'java/lang/NoSuchMethodError'{0x00000000ec3e6248}: 'void java.lang.invoke.DirectMethodHandle$Holder.invokeStaticInit(java.lang.Object, java.lang.Object)'> (0x00000000ec3e6248) 
thrown [s\src\hotspot\share\interpreter\linkResolver.cpp, line 759]
Event: 2.248 Thread 0x000002825551ff20 Exception <a 'java/lang/NoSuchMethodError'{0x00000000ec3ed658}: 'int java.lang.invoke.DirectMethodHandle$Holder.invokeStaticInit(java.lang.Object, java.lang.Object)'> (0x00000000ec3ed658) 
thrown [s\src\hotspot\share\interpreter\linkResolver.cpp, line 759]
Event: 2.360 Thread 0x000002825551ff20 Exception <a 'java/lang/NoSuchMethodError'{0x00000000eac59748}: 'void java.lang.invoke.DirectMethodHandle$Holder.invokeSpecial(java.lang.Object, java.lang.Object, java.lang.Object)'> (0x00000000eac59748) 
thrown [s\src\hotspot\share\interpreter\linkResolver.cpp, line 759]
Event: 3.142 Thread 0x000002825551ff20 Exception <a 'java/lang/NoSuchMethodError'{0x00000000eb9158f8}: 'java.lang.Object java.lang.invoke.DirectMethodHandle$Holder.newInvokeSpecial(java.lang.Object, int, java.lang.Object)'> (0x00000000eb9158f8) 
thrown [s\src\hotspot\share\interpreter\linkResolver.cpp, line 759]

VM Operations (20 events):
Event: 0.568 Executing VM operation: HandshakeAllThreads
Event: 0.568 Executing VM operation: HandshakeAllThreads done
Event: 0.855 Executing VM operation: HandshakeAllThreads
Event: 0.855 Executing VM operation: HandshakeAllThreads done
Event: 1.596 Executing VM operation: HandshakeAllThreads
Event: 1.596 Executing VM operation: HandshakeAllThreads done
Event: 1.596 Executing VM operation: Cleanup
Event: 1.596 Executing VM operation: Cleanup done
Event: 1.623 Executing VM operation: HandshakeAllThreads
Event: 1.623 Executing VM operation: HandshakeAllThreads done
Event: 2.257 Executing VM operation: ParallelGCFailedAllocation
Event: 2.283 Executing VM operation: ParallelGCFailedAllocation done
Event: 2.857 Executing VM operation: HandshakeAllThreads
Event: 2.965 Executing VM operation: HandshakeAllThreads done
Event: 2.966 Executing VM operation: HandshakeAllThreads
Event: 3.014 Executing VM operation: HandshakeAllThreads done
Event: 3.024 Executing VM operation: HandshakeAllThreads
Event: 3.084 Executing VM operation: HandshakeAllThreads done
Event: 3.116 Executing VM operation: HandshakeAllThreads
Event: 3.133 Executing VM operation: HandshakeAllThreads done

Events (20 events):
Event: 3.024 loading class java/util/ArrayList$ListItr done
Event: 3.080 loading class java/util/concurrent/TimeUnit$1 done
Event: 3.098 loading class java/util/concurrent/locks/AbstractQueuedSynchronizer$ConditionNode
Event: 3.098 loading class java/util/concurrent/locks/AbstractQueuedSynchronizer$Node
Event: 3.108 loading class java/util/concurrent/locks/AbstractQueuedSynchronizer$Node done
Event: 3.108 loading class java/util/concurrent/locks/AbstractQueuedSynchronizer$ConditionNode done
Event: 3.114 loading class java/util/LinkedList
Event: 3.115 loading class java/util/AbstractSequentialList
Event: 3.115 loading class java/util/AbstractSequentialList done
Event: 3.115 loading class java/util/LinkedList done
Event: 3.217 loading class java/util/ConcurrentModificationException
Event: 3.217 loading class java/util/ConcurrentModificationException done
Event: 3.227 loading class java/net/ContentHandlerFactory
Event: 3.228 loading class java/net/ContentHandlerFactory done
Event: 3.237 loading class java/net/ContentHandler
Event: 3.237 loading class java/net/ContentHandler done
Event: 3.268 loading class javax/xml/parsers/ParserConfigurationException
Event: 3.268 loading class javax/xml/parsers/ParserConfigurationException done
Event: 3.272 loading class java/security/KeyStoreException
Event: 3.273 loading class java/security/KeyStoreException done


Dynamic libraries:
0x00007ff7b87b0000 - 0x00007ff7b87be000 	c:\Users\TRETEC\.vscode\extensions\redhat.java-1.31.0-win32-x64\jre\17.0.11-win32-x86_64\bin\java.exe
0x00007ffa82ff0000 - 0x00007ffa83207000 	C:\WINDOWS\SYSTEM32\ntdll.dll
0x00007ffa80e60000 - 0x00007ffa80f24000 	C:\WINDOWS\System32\KERNEL32.DLL
0x00007ffa804e0000 - 0x00007ffa80887000 	C:\WINDOWS\System32\KERNELBASE.dll
0x00007ffa7d2c0000 - 0x00007ffa7d357000 	C:\WINDOWS\SYSTEM32\apphelp.dll
0x00007ffa808c0000 - 0x00007ffa809d1000 	C:\WINDOWS\System32\ucrtbase.dll
0x00007ffa67640000 - 0x00007ffa67657000 	c:\Users\TRETEC\.vscode\extensions\redhat.java-1.31.0-win32-x64\jre\17.0.11-win32-x86_64\bin\jli.dll
0x00007ffa81cd0000 - 0x00007ffa81e7e000 	C:\WINDOWS\System32\USER32.dll
0x00007ffa80380000 - 0x00007ffa803a6000 	C:\WINDOWS\System32\win32u.dll
0x00007ffa813b0000 - 0x00007ffa813d9000 	C:\WINDOWS\System32\GDI32.dll
0x00007ffa80bd0000 - 0x00007ffa80ce9000 	C:\WINDOWS\System32\gdi32full.dll
0x00007ffa802e0000 - 0x00007ffa8037a000 	C:\WINDOWS\System32\msvcp_win.dll
0x00007ffa67110000 - 0x00007ffa6712b000 	c:\Users\TRETEC\.vscode\extensions\redhat.java-1.31.0-win32-x64\jre\17.0.11-win32-x86_64\bin\VCRUNTIME140.dll
0x00007ffa666e0000 - 0x00007ffa66973000 	C:\WINDOWS\WinSxS\amd64_microsoft.windows.common-controls_6595b64144ccf1df_6.0.22621.3527_none_270e469b73872a76\COMCTL32.dll
0x00007ffa81e80000 - 0x00007ffa81f27000 	C:\WINDOWS\System32\msvcrt.dll
0x00007ffa82050000 - 0x00007ffa82081000 	C:\WINDOWS\System32\IMM32.DLL
0x00007ffa67a60000 - 0x00007ffa67a6c000 	c:\Users\TRETEC\.vscode\extensions\redhat.java-1.31.0-win32-x64\jre\17.0.11-win32-x86_64\bin\vcruntime140_1.dll
0x00007ffa3b950000 - 0x00007ffa3b9dd000 	c:\Users\TRETEC\.vscode\extensions\redhat.java-1.31.0-win32-x64\jre\17.0.11-win32-x86_64\bin\msvcp140.dll
0x00007ff9f94d0000 - 0x00007ff9fa132000 	c:\Users\TRETEC\.vscode\extensions\redhat.java-1.31.0-win32-x64\jre\17.0.11-win32-x86_64\bin\server\jvm.dll
0x00007ffa81ab0000 - 0x00007ffa81b62000 	C:\WINDOWS\System32\ADVAPI32.dll
0x00007ffa81560000 - 0x00007ffa81608000 	C:\WINDOWS\System32\sechost.dll
0x00007ffa80890000 - 0x00007ffa808b8000 	C:\WINDOWS\System32\bcrypt.dll
0x00007ffa82240000 - 0x00007ffa82355000 	C:\WINDOWS\System32\RPCRT4.dll
0x00007ffa7fff0000 - 0x00007ffa8003d000 	C:\WINDOWS\SYSTEM32\POWRPROF.dll
0x00007ffa60fe0000 - 0x00007ffa60fe9000 	C:\WINDOWS\SYSTEM32\WSOCK32.dll
0x00007ffa82bd0000 - 0x00007ffa82c41000 	C:\WINDOWS\System32\WS2_32.dll
0x00007ffa75de0000 - 0x00007ffa75dea000 	C:\WINDOWS\SYSTEM32\VERSION.dll
0x00007ffa77b20000 - 0x00007ffa77b54000 	C:\WINDOWS\SYSTEM32\WINMM.dll
0x00007ffa7ffd0000 - 0x00007ffa7ffe3000 	C:\WINDOWS\SYSTEM32\UMPDC.dll
0x00007ffa7f2c0000 - 0x00007ffa7f2d8000 	C:\WINDOWS\SYSTEM32\kernel.appcore.dll
0x00007ffa670b0000 - 0x00007ffa670ba000 	c:\Users\TRETEC\.vscode\extensions\redhat.java-1.31.0-win32-x64\jre\17.0.11-win32-x86_64\bin\jimage.dll
0x00007ffa7d7c0000 - 0x00007ffa7d9f2000 	C:\WINDOWS\SYSTEM32\DBGHELP.DLL
0x00007ffa81710000 - 0x00007ffa81a98000 	C:\WINDOWS\System32\combase.dll
0x00007ffa80d80000 - 0x00007ffa80e57000 	C:\WINDOWS\System32\OLEAUT32.dll
0x00007ffa68ef0000 - 0x00007ffa68f22000 	C:\WINDOWS\SYSTEM32\dbgcore.DLL
0x00007ffa80b50000 - 0x00007ffa80bc9000 	C:\WINDOWS\System32\bcryptPrimitives.dll
0x00007ffa670a0000 - 0x00007ffa670ae000 	c:\Users\TRETEC\.vscode\extensions\redhat.java-1.31.0-win32-x64\jre\17.0.11-win32-x86_64\bin\instrument.dll
0x00007ffa3c610000 - 0x00007ffa3c635000 	c:\Users\TRETEC\.vscode\extensions\redhat.java-1.31.0-win32-x64\jre\17.0.11-win32-x86_64\bin\java.dll
0x00007ffa54240000 - 0x00007ffa54258000 	c:\Users\TRETEC\.vscode\extensions\redhat.java-1.31.0-win32-x64\jre\17.0.11-win32-x86_64\bin\zip.dll
0x00007ffa82370000 - 0x00007ffa82bcc000 	C:\WINDOWS\System32\SHELL32.dll
0x00007ffa7e1d0000 - 0x00007ffa7eac6000 	C:\WINDOWS\SYSTEM32\windows.storage.dll
0x00007ffa7e090000 - 0x00007ffa7e1ce000 	C:\WINDOWS\SYSTEM32\wintypes.dll
0x00007ffa82c50000 - 0x00007ffa82d45000 	C:\WINDOWS\System32\SHCORE.dll
0x00007ffa81fe0000 - 0x00007ffa8203e000 	C:\WINDOWS\System32\shlwapi.dll
0x00007ffa80210000 - 0x00007ffa80231000 	C:\WINDOWS\SYSTEM32\profapi.dll
0x00007ffa4ece0000 - 0x00007ffa4ecf9000 	C:\Users\TRETEC\.vscode\extensions\redhat.java-1.31.0-win32-x64\jre\17.0.11-win32-x86_64\bin\net.dll
0x00007ffa7a940000 - 0x00007ffa7aa76000 	C:\WINDOWS\SYSTEM32\WINHTTP.dll
0x00007ffa7f720000 - 0x00007ffa7f789000 	C:\WINDOWS\system32\mswsock.dll
0x00007ffa491c0000 - 0x00007ffa491d6000 	C:\Users\TRETEC\.vscode\extensions\redhat.java-1.31.0-win32-x64\jre\17.0.11-win32-x86_64\bin\nio.dll
0x00007ffa65b60000 - 0x00007ffa65b70000 	c:\Users\TRETEC\.vscode\extensions\redhat.java-1.31.0-win32-x64\jre\17.0.11-win32-x86_64\bin\verify.dll

dbghelp: loaded successfully - version: 4.0.5 - missing functions: none
symbol engine: initialized successfully - sym options: 0x614 - pdb path: .;c:\Users\TRETEC\.vscode\extensions\redhat.java-1.31.0-win32-x64\jre\17.0.11-win32-x86_64\bin;C:\WINDOWS\SYSTEM32;C:\WINDOWS\WinSxS\amd64_microsoft.windows.common-controls_6595b64144ccf1df_6.0.22621.3527_none_270e469b73872a76;c:\Users\TRETEC\.vscode\extensions\redhat.java-1.31.0-win32-x64\jre\17.0.11-win32-x86_64\bin\server

VM Arguments:
jvm_args: --add-modules=ALL-SYSTEM --add-opens=java.base/java.util=ALL-UNNAMED --add-opens=java.base/java.lang=ALL-UNNAMED --add-opens=java.base/sun.nio.fs=ALL-UNNAMED -Declipse.application=org.eclipse.jdt.ls.core.id1 -Dosgi.bundles.defaultStartLevel=4 -Declipse.product=org.eclipse.jdt.ls.core.product -Djava.import.generatesMetadataFilesAtProjectRoot=false -DDetectVMInstallationsJob.disabled=true -Dfile.encoding=utf8 -XX:+UseParallelGC -XX:GCTimeRatio=4 -XX:AdaptiveSizePolicyWeight=90 -Dsun.zip.disableMemoryMapping=true -Xmx1G -Xms100m -Xlog:disable -javaagent:c:\Users\TRETEC\.vscode\extensions\redhat.java-1.31.0-win32-x64\lombok\lombok-1.18.32.jar 
java_command: c:\Users\TRETEC\.vscode\extensions\redhat.java-1.31.0-win32-x64\server\plugins\org.eclipse.equinox.launcher_1.6.800.v20240513-1750.jar -configuration c:\Users\TRETEC\AppData\Roaming\Code\User\globalStorage\redhat.java\1.31.0\config_ss_win -data c:\Users\TRETEC\AppData\Roaming\Code\User\workspaceStorage\a01191937b3e42012dc9e0e6b416a03f\redhat.java\ss_ws --pipe=\\.\pipe\lsp-30e719d77119866fc51eac4c41f7e7b7-sock
java_class_path (initial): c:\Users\TRETEC\.vscode\extensions\redhat.java-1.31.0-win32-x64\server\plugins\org.eclipse.equinox.launcher_1.6.800.v20240513-1750.jar
Launcher Type: SUN_STANDARD

[Global flags]
    uintx AdaptiveSizePolicyWeight                 = 90                                        {product} {command line}
     intx CICompilerCount                          = 4                                         {product} {ergonomic}
    uintx GCTimeRatio                              = 4                                         {product} {command line}
   size_t InitialHeapSize                          = 104857600                                 {product} {command line}
   size_t MaxHeapSize                              = 1073741824                                {product} {command line}
   size_t MaxNewSize                               = 357564416                                 {product} {ergonomic}
   size_t MinHeapDeltaBytes                        = 524288                                    {product} {ergonomic}
   size_t MinHeapSize                              = 104857600                                 {product} {command line}
   size_t NewSize                                  = 34603008                                  {product} {ergonomic}
    uintx NonNMethodCodeHeapSize                   = 5839372                                {pd product} {ergonomic}
    uintx NonProfiledCodeHeapSize                  = 122909434                              {pd product} {ergonomic}
   size_t OldSize                                  = 70254592                                  {product} {ergonomic}
    uintx ProfiledCodeHeapSize                     = 122909434                              {pd product} {ergonomic}
    uintx ReservedCodeCacheSize                    = 251658240                              {pd product} {ergonomic}
     bool SegmentedCodeCache                       = true                                      {product} {ergonomic}
   size_t SoftMaxHeapSize                          = 1073741824                             {manageable} {ergonomic}
     bool UseCompressedClassPointers               = true                           {product lp64_product} {ergonomic}
     bool UseCompressedOops                        = true                           {product lp64_product} {ergonomic}
     bool UseLargePagesIndividualAllocation        = false                                  {pd product} {ergonomic}
     bool UseParallelGC                            = true                                      {product} {command line}

Logging:
Log output configuration:
 #0: stdout all=off uptime,level,tags
 #1: stderr all=off uptime,level,tags

Environment Variables:
JAVA_HOME=C:\Program Files\Java\jdk-21\jdk-17.0.2
PATH=C:\Users\TRETEC\Downloads\WINDOWS.X64_193000_db_home_\bin;C:\Users\TRETEC\Downloads\WINDOWS.X64_193000_db_home\bin;C:\Users\TRETEC\Desktop\WINDOWS.X64_193000_db_home\bin;C:\Program Files\Common Files\Oracle\Java\javapath;C:\Program Files (x86)\Common Files\Oracle\Java\java8path;C:\Program Files (x86)\Common Files\Oracle\Java\javapath;C:\WINDOWS\system32;C:\WINDOWS;C:\WINDOWS\System32\Wbem;C:\WINDOWS\System32\WindowsPowerShell\v1.0\;C:\WINDOWS\System32\OpenSSH\;C:\MinGW\bin;C:\Users\TRETEC\AppData\Roaming\Microsoft\Windows\Start Menu\Programs\Python 3.10;C:\Program Files (x86)\dotnet\;C:\Program Files\nodejs\;C:\Program Files\Docker\Docker\resources\bin;C:\xampp\php;C:\ProgramData\ComposerSetup\bin;C:\Program Files\Git\cmd;C:\Users\TRETEC\AppData\Local\Microsoft\WindowsApps;C:\Users\TRETEC\AppData\Local\Programs\Microsoft VS Code\bin;C:\Program Files\JetBrains\CLion 2021.2.3\bin;C:\Users\TRETEC\AppData\Local\JetBrains\Toolbox\scripts;C:\Users\TRETEC\AppData\Local\GitHubDesktop\bin;C:\Users\TRETEC\AppData\Local\Microsoft\WindowsApps;C:\Users\TRETEC\AppData\Roaming\npm;C:\Users\TRETEC\AppData\Local\Packages\PythonSoftwareFoundation.Python.3.11_qbz5n2kfra8p0\LocalCache\local-packages\Python311\site-packages;C:\Users\TRETEC\AppData\Roaming\Composer\vendor\bin;C:\Program Files\flutter\bin;C:\kube;
USERNAME=TRETEC
OS=Windows_NT
PROCESSOR_IDENTIFIER=Intel64 Family 6 Model 142 Stepping 12, GenuineIntel
TMP=C:\Users\TRETEC\AppData\Local\Temp
TEMP=C:\Users\TRETEC\AppData\Local\Temp



Periodic native trim disabled


---------------  S Y S T E M  ---------------

OS:
 Windows 11 , 64 bit Build 22621 (10.0.22621.3527)
OS uptime: 2 days 8:26 hours
Hyper-V role detected

CPU: total 8 (initial active 8) (4 cores per cpu, 2 threads per core) family 6 model 142 stepping 12 microcode 0xde, cx8, cmov, fxsr, ht, mmx, 3dnowpref, sse, sse2, sse3, ssse3, sse4.1, sse4.2, popcnt, lzcnt, tsc, tscinvbit, avx, avx2, aes, erms, clmul, bmi1, bmi2, adx, fma, vzeroupper, clflush, clflushopt, hv
Processor Information for all 8 processors :
  Max Mhz: 1896, Current Mhz: 1596, Mhz Limit: 1592

Memory: 4k page, system-wide physical 8002M (151M free)
TotalPageFile size 32578M (AvailPageFile size 0M)
current process WorkingSet (physical memory assigned to process): 81M, peak: 81M
current process commit charge ("private bytes"): 202M, peak: 202M

vm_info: OpenJDK 64-Bit Server VM (17.0.11+9) for windows-amd64 JRE (17.0.11+9), built on Apr 17 2024 06:07:48 by "admin" with MS VC++ 16.10 / 16.11 (VS2019)

END.
